/Users/lyj/Library/Python/3.9/lib/python/site-packages/urllib3/__init__.py:35: NotOpenSSLWarning: urllib3 v2 only supports OpenSSL 1.1.1+, currently the 'ssl' module is compiled with 'LibreSSL 2.8.3'. See: https://github.com/urllib3/urllib3/issues/3020
  warnings.warn(
🚀 총 3367개 단지 분석 시작 (통합 지능형 엔진)...
[1/3367] 서울 마포 1... 미발견
[2/3367] 대구 중 1... 미발견
[3/3367] 서울 서초 1... 미발견
[4/3367] 서울 서초 1... 미발견
[5/3367] 서울 용산 1... 미발견
[6/3367] 서울 송파 1... 미발견
[7/3367] 서울 용산 1... 미발견
[8/3367] 서울 광진 1... 미발견
[9/3367] 서울 광진 1... 미발견
[10/3367] 서울 강남 1... 미발견
[11/3367] 서울 서초 1... 미발견
[12/3367] 서울 강남 1... 미발견
[13/3367] 서울 영등포 1... 미발견
[14/3367] 서울 영등포 1... 미발견
[15/3367] 서울 서초 1... 미발견
[16/3367] 서울 마포 1... 미발견
[17/3367] 서울 관악 1... 미발견
[18/3367] 서울 영등포 1... 미발견
[19/3367] 서울 영등포 1... 미발견
[20/3367] 서울 종로 1... 미발견
[21/3367] 서울 금천 1... 미발견
[22/3367] 서울 중랑 1... 미발견
[23/3367] 서울 마포 1... 미발견
[24/3367] 서울 강북 1... 미발견
[25/3367] 서울 강남 1... 미발견
[26/3367] 서울 서초 1... 미발견
[27/3367] 서울 서초 1... 미발견
[28/3367] 서울 서초 1... 미발견
[29/3367] 서울 강남 1... 미발견
[30/3367] 서울 광진 1... 미발견
[31/3367] 서울 광진 1... 미발견
[32/3367] 서울 강남 1... 미발견
[33/3367] 서울 용산 1... 미발견
[34/3367] 서울 광진 1... 미발견
[35/3367] 서울 영등포 1... 미발견
[36/3367] 서울 서초 1... 미발견
[37/3367] 서울 강남 1... 미발견
[38/3367] 서울 종로 1... 미발견
[39/3367] 서울 종로 1... 미발견
[40/3367] 서울 강남 1... 미발견
[41/3367] 서울 양천 1... 미발견
[42/3367] 서울 종로 1... 미발견
[43/3367] 서울 관악 1... 미발견
[44/3367] 서울 마포 1... 미발견
[45/3367] 서울 서대문 1... 미발견
[46/3367] 서울 성동 1... 미발견
[47/3367] 서울 서초 1... 미발견
[48/3367] 서울 송파 1... 미발견
[49/3367] 서울 영등포 1... 미발견
[50/3367] 서울 송파 1... 미발견
[51/3367] 서울 양천 1... 미발견
[52/3367] 서울 양천 1... 미발견
[53/3367] 서울 양천 1... 미발견
[54/3367] 서울 성동 1... 미발견
[55/3367] 서울 강남 1... 미발견
[56/3367] 서울 송파 1... 미발견
[57/3367] 서울 강남 1... 미발견
[58/3367] 서울 강남 1... 미발견
[59/3367] 서울 양천 1... 미발견
[60/3367] 서울 은평 1... 미발견
[61/3367] 서울 성동 1... 미발견
[62/3367] 서울 노원 1... 미발견
[63/3367] 서울 양천 1... 미발견
[64/3367] 서울 서초 1... 미발견
[65/3367] 서울 성동 1... 미발견
[66/3367] 서울 서초 1... 미발견
[67/3367] 서울 강서 1... 미발견
[68/3367] 서울 강남 1... 미발견
[69/3367] 서울 강남 1... 미발견
[70/3367] 서울 강남 1... 미발견
[71/3367] 서울 송파 1... 미발견
[72/3367] 서울 강남 1... 미발견
[73/3367] 서울 강남 1... 미발견
[74/3367] 서울 서초 1... 미발견
[75/3367] 서울 강동 1... 미발견
[76/3367] 서울 서초 1... 미발견
[77/3367] 서울 용산 1... 미발견
[78/3367] 서울 구로 1... 미발견
[79/3367] 서울 양천 1... 미발견
[80/3367] 서울 영등포 1... 미발견
[81/3367] 서울 동대문 1... 미발견
[82/3367] 서울 성북 1... 미발견
[83/3367] 서울 송파 1... 미발견
[84/3367] 서울 강남 1... 미발견
[85/3367] 서울 영등포 1... 미발견
[86/3367] 서울 송파 1... 미발견
[87/3367] 서울 송파 1... 미발견
[88/3367] 서울 양천 1... 미발견
[89/3367] 서울 은평 1... 미발견
[90/3367] 서울 구로 1... 미발견
[91/3367] 서울 마포 1... 미발견
[92/3367] 서울 은평 1... 미발견
[93/3367] 서울 강남 1... 미발견
[94/3367] 서울 동작 1... 미발견
[95/3367] 서울 마포 1... 미발견
[96/3367] 서울 은평 1... 미발견
[97/3367] 서울 강동 1... 미발견
[98/3367] 서울 도봉 1... 미발견
[99/3367] 서울 구로 1... 미발견
[100/3367] 서울 금천 1... 미발견
[101/3367] 서울 구로 1... 미발견
[102/3367] 서울 노원 1... 미발견
[103/3367] 서울 강서 1... 미발견
[104/3367] 서울 강서 1... 미발견
[105/3367] 서울 강북 1... 미발견
[106/3367] 서울 강서 1... 미발견
[107/3367] 서울 강서 1... 미발견
[108/3367] 서울 동대문 1... 미발견
[109/3367] 서울 강동 1... 미발견
[110/3367] 서울 동작 1... 미발견
[111/3367] 서울 용산 1... 미발견
[112/3367] 서울 동작 1... 미발견
[113/3367] 서울 영등포 1... 미발견
[114/3367] 서울 영등포 1... 미발견
[115/3367] 서울 관악 1... 미발견
[116/3367] 서울 관악 1... 미발견
[117/3367] 서울 영등포 1... 미발견
[118/3367] 서울 강동 1... 미발견
[119/3367] 서울 관악 1... 미발견
[120/3367] 서울 영등포 1... 미발견
[121/3367] 서울 송파 1... 미발견
[122/3367] 서울 송파 1... 미발견
[123/3367] 서울 노원 1... 미발견
[124/3367] 서울 광진 1... 미발견
[125/3367] 서울 영등포 1... 미발견
[126/3367] 서울 송파 1... 미발견
[127/3367] 서울 송파 1... 미발견
[128/3367] 서울 강남 1... 미발견
[129/3367] 서울 강서 1... 미발견
[130/3367] 서울 도봉 1... 미발견
[131/3367] 서울 강서 1... 미발견
[132/3367] 서울 중 1... 미발견
[133/3367] 서울 양천 1... 미발견
[134/3367] 서울 용산 1... 미발견
[135/3367] 서울 성동 1... 미발견
[136/3367] 서울 종로 1... 미발견
[137/3367] 서울 강남 1... 미발견
[138/3367] 서울 강남 1... 미발견
[139/3367] 서울 강남 1... 미발견
[140/3367] 서울 영등포 1... 미발견
[141/3367] 서울 서초 1... 미발견
[142/3367] 서울 도봉 1... 미발견
[143/3367] 서울 노원 1... 미발견
[144/3367] 서울 노원 1... 미발견
[145/3367] 서울 노원 1... 미발견
[146/3367] 서울 중랑 1... 미발견
[147/3367] 서울 강동 1... 미발견
[148/3367] 서울 마포 1... 미발견
[149/3367] 서울 마포 1... 미발견
[150/3367] 서울 중랑 1... 미발견
[151/3367] 서울 도봉 1... 미발견
[152/3367] 서울 중랑 1... 미발견
[153/3367] 서울 중랑 1... 미발견
[154/3367] 서울 중랑 1... 미발견
[155/3367] 서울 마포 1... 미발견
[156/3367] 서울 성북 1... 미발견
[157/3367] 서울 성북 1... 미발견
[158/3367] 서울 성북 1... 미발견
[159/3367] 서울 서초 1... 미발견
[160/3367] 서울 동작 1... 미발견
[161/3367] 서울 은평 1... 미발견
[162/3367] 서울 종로 1... 미발견
[163/3367] 서울 노원 1... 미발견
[164/3367] 경기 안산 1... 미발견
[165/3367] 서울 서초 1... 미발견
[166/3367] 서울 강남 1... 미발견
[167/3367] 서울 강서 1... 미발견
[168/3367] 서울 송파 1... 미발견
[169/3367] 서울 강남 1... 미발견
[170/3367] 서울 성북 1... 미발견
[171/3367] 서울 성북 1... 미발견
[172/3367] 서울 도봉 1... 미발견
[173/3367] 서울 성북 1... 미발견
[174/3367] 서울 성북 1... 미발견
[175/3367] 서울 강북 1... 미발견
[176/3367] 서울 서대문 1... 미발견
[177/3367] 서울 서대문 1... 미발견
[178/3367] 서울 노원 1... 미발견
[179/3367] 서울 성북 1... 미발견
[180/3367] 서울 마포 1... 미발견
[181/3367] 서울 성동 1... 미발견
[182/3367] 서울 서대문 1... 미발견
[183/3367] 서울 성북 1... 미발견
[184/3367] 서울 동대문 1... 미발견
[185/3367] 서울 동대문 1... 미발견
[186/3367] 서울 동대문 1... 미발견
[187/3367] 서울 노원 1... 미발견
[188/3367] 서울 성북 1... 미발견
[189/3367] 서울 노원 1... 미발견
[190/3367] 서울 노원 1... 미발견
[191/3367] 경남 창원 1... 지원정지구역
[192/3367] 서울 은평 1... 미발견
[193/3367] 서울 도봉 1... 미발견
[194/3367] 서울 은평 1... 미발견
[195/3367] 서울 도봉 1... 미발견
[196/3367] 서울 강북 1... 미발견
[197/3367] 서울 은평 1... 미발견
[198/3367] 서울 송파 1... 미발견
[199/3367] 서울 중 1... 미발견
[200/3367] 서울 서대문 1... 미발견
[201/3367] 서울 서초 1... 미발견
[202/3367] 서울 마포 1... 미발견
[203/3367] 서울 마포 1... 미발견
[204/3367] 서울 마포 1... 미발견
[205/3367] 서울 마포 1... 미발견
[206/3367] 서울 중랑 1... 미발견
[207/3367] 서울 강서 1... 미발견
[208/3367] 서울 은평 1... 미발견
[209/3367] 서울 서대문 1... 미발견
[210/3367] 서울 강남 1... 미발견
[211/3367] 서울 광진 1... 미발견
[212/3367] 서울 양천 1... 미발견
[213/3367] 서울 노원 1... 미발견
[214/3367] 서울 관악 1... 미발견
[215/3367] 서울 도봉 1... 미발견
[216/3367] 서울 양천 1... 미발견
[217/3367] 서울 금천 1... 미발견
[218/3367] 서울 성동 1... 미발견
[219/3367] 서울 은평 1... 미발견
[220/3367] 서울 중랑 1... 미발견
[221/3367] 서울 강동 1... 미발견
[222/3367] 서울 강동 1... 미발견
[223/3367] 서울 성동 1... 미발견
[224/3367] 서울 서초 1... 미발견
[225/3367] 서울 마포 1... 미발견
[226/3367] 서울 성북 1... 미발견
[227/3367] 서울 동대문 1... 미발견
[228/3367] 서울 용산 1... 미발견
[229/3367] 서울 노원 1... 미발견
[230/3367] 서울 성북 1... 미발견
[231/3367] 서울 성북 1... 미발견
[232/3367] 서울 금천 1... 미발견
[233/3367] 서울 마포 1... 미발견
[234/3367] 서울 은평 1... 미발견
[235/3367] 서울 중랑 1... 미발견
[236/3367] 서울 동대문 1... 미발견
[237/3367] 서울 동대문 1... 미발견
[238/3367] 서울 영등포 1... 미발견
[239/3367] 서울 강서 1... 미발견
[240/3367] 서울 강서 1... 미발견
[241/3367] 서울 강동 1... 미발견
[242/3367] 서울 성동 1... 미발견
[243/3367] 서울 동작 1... 미발견
[244/3367] 서울 용산 1... 미발견
[245/3367] 서울 동작 1... 미발견
[246/3367] 서울 중 1... 미발견
[247/3367] 서울 송파 1... 미발견
[248/3367] 서울 강동 1... 미발견
[249/3367] 서울 용산 1... 미발견
[250/3367] 서울 은평 1... 미발견
[251/3367] 서울 도봉 1... 미발견
[252/3367] 서울 도봉 1... 미발견
[253/3367] 서울 강남 1... 미발견
[254/3367] 서울 서대문 1... 미발견
[255/3367] 서울 강서 1... 미발견
[256/3367] 서울 송파 1... 미발견
[257/3367] 서울 노원 1... 미발견
[258/3367] 서울 중랑 1... 미발견
[259/3367] 서울 중랑 1... 미발견
[260/3367] 서울 용산 1... 미발견
[261/3367] 서울 은평 1... 미발견
[262/3367] 서울 영등포 1... 미발견
[263/3367] 서울 도봉 1... 미발견
[264/3367] 서울 송파 1... 미발견
[265/3367] 서울 마포 1... 미발견
[266/3367] 서울 영등포 1... 미발견
[267/3367] 서울 강서 1... 미발견
[268/3367] 서울 동대문 1... 미발견
[269/3367] 서울 성동 1... 미발견
[270/3367] 서울 송파 1... 미발견
[271/3367] 서울 송파 1... 미발견
[272/3367] 서울 구로 1... 미발견
[273/3367] 서울 영등포 1... 미발견
[274/3367] 서울 도봉 1... 미발견
[275/3367] 서울 노원 1... 미발견
[276/3367] 서울 은평 1... 미발견
[277/3367] 서울 은평 1... 미발견
[278/3367] 서울 구로 1... 미발견
[279/3367] 서울 영등포 1... 미발견
[280/3367] 서울 도봉 1... 미발견
[281/3367] 서울 영등포 1... 미발견
[282/3367] 서울 동작 1... 미발견
[283/3367] 서울 영등포 1... 미발견
[284/3367] 서울 광진 1... 미발견
[285/3367] 서울 동대문 1... 미발견
[286/3367] 서울 광진 1... 미발견
[287/3367] 서울 성북 1... 미발견
[288/3367] 서울 동대문 1... 미발견
[289/3367] 서울 동대문 1... 미발견
[290/3367] 서울 도봉 1... 미발견
[291/3367] 서울 성북 1... 미발견
[292/3367] 서울 성북 1... 미발견
[293/3367] 서울 서초 1... 미발견
[294/3367] 서울 도봉 1... 미발견
[295/3367] 전북 전주 1... 지원정지구역
[296/3367] 서울 송파 1... 미발견
[297/3367] 서울 강동 1... 미발견
[298/3367] 서울 양천 1... 미발견
[299/3367] 서울 동대문 1... 미발견
[300/3367] 서울 서대문 1... 미발견
[301/3367] 서울 중랑 1... 미발견
[302/3367] 서울 동대문 1... 미발견
[303/3367] 서울 양천 1... 미발견
[304/3367] 서울 영등포 1... 미발견
[305/3367] 서울 도봉 1... 미발견
[306/3367] 서울 노원 1... 미발견
[307/3367] 서울 중랑 1... 미발견
[308/3367] 서울 강남 1... 미발견
[309/3367] 서울 서대문 1... 미발견
[310/3367] 서울 은평 1... 미발견
[311/3367] 서울 서대문 1... 미발견
[312/3367] 서울 노원 1... 미발견
[313/3367] 서울 광진 1... 미발견
[314/3367] 서울 영등포 1... 미발견
[315/3367] 서울 강서 1... 미발견
[316/3367] 서울 구로 1... 미발견
[317/3367] 서울 노원 1... 미발견
[318/3367] 서울 도봉 1... 미발견
[319/3367] 서울 성북 1... 미발견
[320/3367] 서울 종로 1... 미발견
[321/3367] 서울 송파 1... 미발견
[322/3367] 서울 송파 1... 미발견
[323/3367] 서울 동대문 1... 미발견
[324/3367] 서울 송파 1... 미발견
[325/3367] 서울 마포 1... 미발견
[326/3367] 서울 강남 1... 미발견
[327/3367] 서울 서대문 1... 미발견
[328/3367] 서울 중랑 1... 미발견
[329/3367] 서울 은평 1... 미발견
[330/3367] 서울 동대문 1... 미발견
[331/3367] 서울 노원 1... 미발견
[332/3367] 서울 강남 1... 미발견
[333/3367] 서울 동작 1... 미발견
[334/3367] 서울 강동 1... 미발견
[335/3367] 서울 강남 1... 미발견
[336/3367] 서울 마포 1... 미발견
[337/3367] 서울 서초 1... 미발견
[338/3367] 서울 중랑 1... 미발견
[339/3367] 서울 강동 1... 미발견
[340/3367] 서울 강서 1... 미발견
[341/3367] 서울 관악 1... 미발견
[342/3367] 서울 성동 1... 미발견
[343/3367] 서울 구로 1... 미발견
[344/3367] 서울 강서 1... 미발견
[345/3367] 서울 도봉 1... 미발견
[346/3367] 서울 강서 1... 미발견
[347/3367] 서울 성동 1... 미발견
[348/3367] 서울 동작 1... 미발견
[349/3367] 서울 노원 1... 미발견
[350/3367] 서울 서대문 1... 미발견
[351/3367] 서울 도봉 1... 미발견
[352/3367] 서울 노원 1... 미발견
[353/3367] 서울 노원 1... 미발견
[354/3367] 서울 동대문 1... 미발견
[355/3367] 서울 동대문 1... 미발견
[356/3367] 서울 동대문 1... 미발견
[357/3367] 서울 동대문 1... 미발견
[358/3367] 서울 동대문 1... 미발견
[359/3367] 서울 동대문 1... 미발견
[360/3367] 서울 도봉 1... 미발견
[361/3367] 서울 노원 1... 미발견
[362/3367] 서울 성북 1... 미발견
[363/3367] 서울 성동 1... 미발견
[364/3367] 서울 양천 1... 미발견
[365/3367] 서울 도봉 1... 미발견
[366/3367] 서울 강북 1... 미발견
[367/3367] 서울 노원 1... 미발견
[368/3367] 서울 도봉 1... 미발견
[369/3367] 서울 서초 1... 미발견
[370/3367] 서울 송파 1... 미발견
[371/3367] 서울 은평 1... 미발견
[372/3367] 서울 강서 1... 미발견
[373/3367] 서울 노원 1... 미발견
[374/3367] 서울 강서 1... 미발견
[375/3367] 서울 서대문 1... 미발견
[376/3367] 서울 동작 1... 미발견
[377/3367] 서울 성동 1... 미발견
[378/3367] 서울 성동 1... 미발견
[379/3367] 서울 서초 1... 미발견
[380/3367] 서울 영등포 1... 미발견
[381/3367] 서울 양천 1... 미발견
[382/3367] 서울 송파 1... 미발견
[383/3367] 서울 서초 1... 미발견
[384/3367] 서울 송파 1... 미발견
[385/3367] 서울 구로 1... 미발견
[386/3367] 서울 노원 1... 미발견
[387/3367] 서울 서대문 1... 미발견
[388/3367] 서울 용산 1... 미발견
[389/3367] 서울 용산 1... 미발견
[390/3367] 서울 영등포 1... 미발견
[391/3367] 서울 서대문 1... 미발견
[392/3367] 서울 광진 1... 미발견
[393/3367] 서울 구로 1... 미발견
[394/3367] 서울 구로 1... 미발견
[395/3367] 서울 송파 1... 미발견
[396/3367] 서울 강남 1... 미발견
[397/3367] 서울 서초 1... 미발견
[398/3367] 서울 용산 1... 미발견
[399/3367] 서울 용산 1... 미발견
[400/3367] 서울 영등포 1... 미발견
[401/3367] 서울 강서 1... 미발견
[402/3367] 서울 양천 1... 미발견
[403/3367] 서울 강동 1... 미발견
[404/3367] 서울 동대문 1... 미발견
[405/3367] 서울 노원 1... 미발견
[406/3367] 서울 영등포 1... 미발견
[407/3367] 서울 강서 1... 미발견
[408/3367] 서울 강서 1... 미발견
[409/3367] 서울 광진 1... 미발견
[410/3367] 서울 양천 1... 미발견
[411/3367] 서울 중랑 1... 미발견
[412/3367] 서울 마포 1... 미발견
[413/3367] 서울 노원 1... 미발견
[414/3367] 서울 강동 1... 미발견
[415/3367] 서울 강남 1... 미발견
[416/3367] 서울 강남 1... 미발견
[417/3367] 서울 마포 1... 미발견
[418/3367] 서울 성동 1... 미발견
[419/3367] 서울 동대문 1... 미발견
[420/3367] 서울 중랑 1... 미발견
[421/3367] 서울 서초 1... 미발견
[422/3367] 서울 서초 1... 미발견
[423/3367] 서울 송파 1... 미발견
[424/3367] 서울 강남 1... 미발견
[425/3367] 서울 관악 1... 미발견
[426/3367] 서울 영등포 1... 미발견
[427/3367] 서울 서대문 1... 미발견
[428/3367] 서울 송파 1... 미발견
[429/3367] 서울 서초 1... 미발견
[430/3367] 서울 성북 1... 미발견
[431/3367] 서울 동대문 1... 미발견
[432/3367] 서울 송파 1... 미발견
[433/3367] 서울 송파 1... 미발견
[434/3367] 서울 영등포 1... 미발견
[435/3367] 서울 강남 1... 미발견
[436/3367] 서울 영등포 1... 미발견
[437/3367] 서울 강남 1... 미발견
[438/3367] 서울 광진 1... 미발견
[439/3367] 서울 마포 1... 미발견
[440/3367] 서울 광진 1... 미발견
[441/3367] 서울 양천 1... 미발견
[442/3367] 서울 용산 1... 미발견
[443/3367] 서울 용산 1... 미발견
[444/3367] 서울 양천 1... 미발견
[445/3367] 서울 구로 1... 미발견
[446/3367] 서울 강서 1... 미발견
[447/3367] 서울 은평 1... 미발견
[448/3367] 서울 은평 1... 미발견
[449/3367] 서울 양천 1... 미발견
[450/3367] 서울 영등포 1... 미발견
[451/3367] 서울 구로 1... 미발견
[452/3367] 서울 구로 1... 미발견
[453/3367] 서울 강동 1... 미발견
[454/3367] 서울 은평 1... 미발견
[455/3367] 서울 은평 1... 미발견
[456/3367] 서울 성북 1... 미발견
[457/3367] 서울 금천 1... 미발견
[458/3367] 서울 강서 1... 미발견
[459/3367] 서울 금천 1... 미발견
[460/3367] 서울 성동 1... 미발견
[461/3367] 서울 송파 1... 미발견
[462/3367] 서울 성동 1... 미발견
[463/3367] 서울 서대문 1... 미발견
[464/3367] 서울 동대문 1... 미발견
[465/3367] 서울 서초 1... 미발견
[466/3367] 서울 강남 1... 미발견
[467/3367] 서울 강서 1... 미발견
[468/3367] 서울 구로 1... 미발견
[469/3367] 서울 노원 1... 미발견
[470/3367] 서울 구로 1... 미발견
[471/3367] 서울 동작 1... 미발견
[472/3367] 서울 영등포 1... 미발견
[473/3367] 서울 서대문 1... 미발견
[474/3367] 서울 송파 1... 미발견
[475/3367] 서울 강동 1... 미발견
[476/3367] 서울 강서 1... 미발견
[477/3367] 서울 강서 1... 미발견
[478/3367] 서울 성북 1... 미발견
[479/3367] 서울 강동 1... 미발견
[480/3367] 서울 마포 1... 미발견
[481/3367] 서울 송파 1... 미발견
[482/3367] 서울 강서 1... 미발견
[483/3367] 서울 강남 1... 미발견
[484/3367] 서울 성북 1... 미발견
[485/3367] 서울 노원 1... 미발견
[486/3367] 서울 성동 1... 미발견
[487/3367] 서울 서초 1... 미발견
[488/3367] 서울 성동 1... 미발견
[489/3367] 경기 부천 1... 미발견
[490/3367] 경기 안산 1... 미발견
[491/3367] 서울 성북 1... 미발견
[492/3367] 서울 노원 1... 미발견
[493/3367] 서울 구로 1... 미발견
[494/3367] 서울 용산 1... 미발견
[495/3367] 서울 성북 1... 미발견
[496/3367] 서울 노원 1... 미발견
[497/3367] 서울 강북 1... 미발견
[498/3367] 서울 동작 1... 미발견
[499/3367] 서울 송파 1... 미발견
[500/3367] 서울 송파 1... 미발견
[501/3367] 경기 용인 1... 미발견
[502/3367] 경기 의정부 1... 미발견
[503/3367] 경기 고양 1... 미발견
[504/3367] 경기 의왕 1... 지원정지구역
[505/3367] 경기 성남 1... 미발견
[506/3367] 경기 안양 1... 미발견
[507/3367] 경기 안양 1... 미발견
[508/3367] 경기 성남 1... 미발견
[509/3367] 경기 성남 1... 미발견
[510/3367] 경기 광주 1... 지원정지구역
[511/3367] 경기 부천 1... 미발견
[512/3367] 경기 성남 1... 미발견
[513/3367] 경기 양주 1... 지원정지구역
[514/3367] 경기 평택 1... 미발견
[515/3367] 경기 의왕 1... 지원정지구역
[516/3367] 경기 성남 1... 미발견
[517/3367] 경기 평택 1... 미발견
[518/3367] 경기 평택 1... 미발견
[519/3367] 서울 노원 1... 미발견
[520/3367] 경기 용인 1... 미발견
[521/3367] 경기 남양주 1... 미발견
[522/3367] 경기 성남 1... 미발견
[523/3367] 경기 화성 1... 지원정지구역
[524/3367] 경기 화성 1... 지원정지구역
[525/3367] 경기 화성 1... 지원정지구역
[526/3367] 경기 성남 1... 미발견
[527/3367] 경기 안산 1... 미발견
[528/3367] 경기 의왕 1... 지원정지구역
[529/3367] 경기 수원 1... 미발견
[530/3367] 경기 수원 1... 미발견
[531/3367] 경기 성남 1... 미발견
[532/3367] 경기 성남 1... 미발견
[533/3367] 경기 화성 1... 지원정지구역
[534/3367] 경기 여주 1... 지원정지구역
[535/3367] 경기 성남 1... 미발견
[536/3367] 경기 화성 1... 지원정지구역
[537/3367] 경기 화성 1... 지원정지구역
[538/3367] 경기 화성 1... 지원정지구역
[539/3367] 경기 의정부 1... 미발견
[540/3367] 경기 화성 1... 지원정지구역
[541/3367] 경기 김포 1... 지원정지구역
[542/3367] 경기 군포 1... 지원정지구역
[543/3367] 경기 성남 1... 미발견
[544/3367] 경기 용인 1... 미발견
[545/3367] 경기 용인 1... 미발견
[546/3367] 경기 고양 1... 미발견
[547/3367] 경기 화성 1... 지원정지구역
[548/3367] 경기 평택 1... 미발견
[549/3367] 경기 평택 1... 미발견
[550/3367] 경기 오산 1... 지원정지구역
[551/3367] 경기 남양주 1... 미발견
[552/3367] 경기 화성 1... 지원정지구역
[553/3367] 경기 화성 1... 지원정지구역
[554/3367] 경기 오산 1... 지원정지구역
[555/3367] 경기 오산 1... 지원정지구역
[556/3367] 경기 용인 1... 미발견
[557/3367] 경기 평택 1... 미발견
[558/3367] 경기 수원 1... 미발견
[559/3367] 경기 오산 1... 지원정지구역
[560/3367] 경기 용인 1... 미발견
[561/3367] 경기 용인 1... 미발견
[562/3367] 경기 구리 1... 미발견
[563/3367] 경기 화성 1... 지원정지구역
[564/3367] 경기 안양 1... 미발견
[565/3367] 경기 안성 1... 지원정지구역
[566/3367] 경기 용인 1... 미발견
[567/3367] 경기 용인 1... 미발견
[568/3367] 경기 고양 1... 미발견
[569/3367] 경기 광명 1... 미발견
[570/3367] 경기 광명 1... 미발견
[571/3367] 경기 고양 1... 미발견
[572/3367] 경기 의왕 1... 지원정지구역
[573/3367] 경기 고양 1... 미발견
[574/3367] 경기 파주 1... 지원정지구역
[575/3367] 경기 하남 1... 미발견
[576/3367] 경기 수원 1... 미발견
[577/3367] 경기 양주 1... 지원정지구역
[578/3367] 경기 평택 1... 미발견
[579/3367] 경기 고양 1... 미발견
[580/3367] 경기 수원 1... 미발견
[581/3367] 경기 김포 1... 지원정지구역
[582/3367] 경기 오산 1... 지원정지구역
[583/3367] 경기 화성 1... 지원정지구역
[584/3367] 경기 고양 1... 미발견
[585/3367] 경기 안성 1... 지원정지구역
[586/3367] 경기 김포 1... 지원정지구역
[587/3367] 경기 김포 1... 지원정지구역
[588/3367] 경기 시흥 1... 지원정지구역
[589/3367] 경기 시흥 1... 지원정지구역
[590/3367] 경기 시흥 1... 지원정지구역
[591/3367] 경기 수원 1... 미발견
[592/3367] 경기 김포 1... 지원정지구역
[593/3367] 경기 고양 1... 미발견
[594/3367] 경기 이천 1... 미발견
[595/3367] 경기 의왕 1... 지원정지구역
[596/3367] 경기 이천 1... 미발견
[597/3367] 경기 양주 1... 지원정지구역
[598/3367] 경기 평택 1... 미발견
[599/3367] 경기 양주 1... 지원정지구역
[600/3367] 대구 북 1... 지원정지구역
[601/3367] 경기 구리 1... 미발견
[602/3367] 경기 시흥 1... 지원정지구역
[603/3367] 경기 남양주 1... 미발견
[604/3367] 경기 시흥 1... 지원정지구역
[605/3367] 경기 광명 1... 미발견
[606/3367] 경기 수원 1... 미발견
[607/3367] 경기 이천 1... 미발견
[608/3367] 경기 양평 1... 지원정지구역
[609/3367] 서울 노원 1... 미발견
[610/3367] 경기 화성 1... 지원정지구역
[611/3367] 경기 평택 1... 미발견
[612/3367] 경기 안산 1... 미발견
[613/3367] 경기 용인 1... 미발견
[614/3367] 경기 화성 1... 지원정지구역
[615/3367] 경기 화성 1... 지원정지구역
[616/3367] 경기 안성 1... 지원정지구역
[617/3367] 경기 양주 1... 지원정지구역
[618/3367] 경기 의정부 1... 미발견
[619/3367] 경기 오산 1... 지원정지구역
[620/3367] 경기 평택 1... 미발견
[621/3367] 경기 동두천 1... 지원정지구역
[622/3367] 경기 남양주 1... 미발견
[623/3367] 경기 성남 1... 미발견
[624/3367] 경기 화성 1... 지원정지구역
[625/3367] 경기 김포 1... 지원정지구역
[626/3367] 경기 고양 1... 미발견
[627/3367] 경기 이천 1... 미발견
[628/3367] 경기 이천 1... 미발견
[629/3367] 경기 이천 1... 미발견
[630/3367] 경기 안산 1... 미발견
[631/3367] 경기 동두천 1... 지원정지구역
[632/3367] 경기 안산 1... 미발견
[633/3367] 경기 군포 1... 지원정지구역
[634/3367] 경기 파주 1... 지원정지구역
[635/3367] 경기 하남 1... 미발견
[636/3367] 경기 용인 1... 미발견
[637/3367] 경기 화성 1... 지원정지구역
[638/3367] 경기 고양 1... 미발견
[639/3367] 경기 의정부 1... 미발견
[640/3367] 경기 용인 1... 미발견
[641/3367] 경기 연천 1... 지원정지구역
[642/3367] 경기 화성 1... 지원정지구역
[643/3367] 경기 안성 1... 지원정지구역
[644/3367] 경기 성남 1... 미발견
[645/3367] 경기 안산 1... 미발견
[646/3367] 경기 김포 1... 지원정지구역
[647/3367] 경기 오산 1... 지원정지구역
[648/3367] 경기 의정부 1... 미발견
[649/3367] 경기 평택 1... 미발견
[650/3367] 경기 하남 1... 미발견
[651/3367] 경기 고양 1... 미발견
[652/3367] 경기 용인 1... 미발견
[653/3367] 경기 시흥 1... 지원정지구역
[654/3367] 경기 이천 1... 미발견
[655/3367] 경기 고양 1... 미발견
[656/3367] 경기 고양 1... 미발견
[657/3367] 경기 광주 1... 지원정지구역
[658/3367] 경기 시흥 1... 지원정지구역
[659/3367] 경기 군포 1... 지원정지구역
[660/3367] 경기 광주 1... 지원정지구역
[661/3367] 경기 시흥 1... 지원정지구역
[662/3367] 경기 파주 1... 지원정지구역
[663/3367] 경기 용인 1... 미발견
[664/3367] 경기 오산 1... 지원정지구역
[665/3367] 경기 남양주 1... 미발견
[666/3367] 경기 남양주 1... 미발견
[667/3367] 경기 안산 1... 미발견
[668/3367] 경기 구리 1... 미발견
[669/3367] 경기 안성 1... 지원정지구역
[670/3367] 경기 하남 1... 미발견
[671/3367] 경기 안산 1... 미발견
[672/3367] 경기 안양 1... 미발견
[673/3367] 경기 안양 1... 미발견
[674/3367] 경기 안양 1... 미발견
[675/3367] 경기 부천 1... 미발견
[676/3367] 경기 용인 1... 미발견
[677/3367] 경기 평택 1... 미발견
[678/3367] 경기 광주 1... 지원정지구역
[679/3367] 경기 화성 1... 지원정지구역
[680/3367] 경기 오산 1... 지원정지구역
[681/3367] 경기 평택 1... 미발견
[682/3367] 경기 이천 1... 미발견
[683/3367] 경기 고양 1... 미발견
[684/3367] 경기 이천 1... 미발견
[685/3367] 경기 이천 1... 미발견
[686/3367] 경기 남양주 1... 미발견
[687/3367] 경기 구리 1... 미발견
[688/3367] 경기 남양주 1... 미발견
[689/3367] 경기 남양주 1... 미발견
[690/3367] 경기 용인 1... 미발견
[691/3367] 경기 파주 1... 지원정지구역
[692/3367] 경기 파주 1... 지원정지구역
[693/3367] 경기 남양주 1... 미발견
[694/3367] 경기 수원 1... 미발견
[695/3367] 경기 남양주 1... 미발견
[696/3367] 경기 하남 1... 미발견
[697/3367] 경기 용인 1... 미발견
[698/3367] 경기 연천 1... 지원정지구역
[699/3367] 경기 의정부 1... 미발견
[700/3367] 경기 연천 1... 지원정지구역
[701/3367] 경기 파주 1... 지원정지구역
[702/3367] 경기 파주 1... 지원정지구역
[703/3367] 경기 시흥 1... 지원정지구역
[704/3367] 경기 동두천 1... 지원정지구역
[705/3367] 경기 남양주 1... 미발견
[706/3367] 경기 남양주 1... 미발견
[707/3367] 경기 용인 1... 미발견
[708/3367] 경기 용인 1... 미발견
[709/3367] 경기 연천 1... 지원정지구역
[710/3367] 경기 연천 1... 지원정지구역
[711/3367] 경기 시흥 1... 지원정지구역
[712/3367] 경기 평택 1... 미발견
[713/3367] 경기 고양 1... 미발견
[714/3367] 경기 양평 1... 지원정지구역
[715/3367] 경기 안양 1... 미발견
[716/3367] 경기 부천 1... 미발견
[717/3367] 경기 부천 1... 미발견
[718/3367] 경기 부천 1... 미발견
[719/3367] 경기 부천 1... 미발견
[720/3367] 경기 부천 1... 미발견
[721/3367] 경기 안성 1... 지원정지구역
[722/3367] 경기 수원 1... 미발견
[723/3367] 경기 포천 1... 지원정지구역
[724/3367] 경기 포천 1... 지원정지구역
[725/3367] 경기 평택 1... 미발견
[726/3367] 경기 안산 1... 미발견
[727/3367] 경기 평택 1... 미발견
[728/3367] 경기 의정부 1... 미발견
[729/3367] 경기 의정부 1... 미발견
[730/3367] 경기 의정부 1... 미발견
[731/3367] 경기 의정부 1... 미발견
[732/3367] 경기 의정부 1... 미발견
[733/3367] 경기 의정부 1... 미발견
[734/3367] 경기 안성 1... 지원정지구역
[735/3367] 경기 여주 1... 지원정지구역
[736/3367] 경기 양주 1... 지원정지구역
[737/3367] 경기 이천 1... 미발견
[738/3367] 경기 이천 1... 미발견
[739/3367] 경기 남양주 1... 미발견
[740/3367] 경기 평택 1... 미발견
[741/3367] 경기 여주 1... 지원정지구역
[742/3367] 경기 이천 1... 미발견
[743/3367] 경기 이천 1... 미발견
[744/3367] 경기 시흥 1... 지원정지구역
[745/3367] 경기 평택 1... 미발견
[746/3367] 경기 용인 1... 미발견
[747/3367] 경기 남양주 1... 미발견
[748/3367] 경기 의정부 1... 미발견
[749/3367] 경기 화성 1... 지원정지구역
[750/3367] 경기 양평 1... 지원정지구역
[751/3367] 경기 양평 1... 지원정지구역
[752/3367] 경기 이천 1... 미발견
[753/3367] 경기 김포 1... 지원정지구역
[754/3367] 경기 김포 1... 지원정지구역
[755/3367] 경기 이천 1... 미발견
[756/3367] 경기 이천 1... 미발견
[757/3367] 경기 김포 1... 지원정지구역
[758/3367] 경기 고양 1... 미발견
[759/3367] 경기 오산 1... 지원정지구역
[760/3367] 경기 의왕 1... 지원정지구역
[761/3367] 경기 시흥 1... 지원정지구역
[762/3367] 경기 포천 1... 지원정지구역
[763/3367] 경기 양주 1... 지원정지구역
[764/3367] 경기 김포 1... 지원정지구역
[765/3367] 경기 용인 1... 미발견
[766/3367] 경기 시흥 1... 지원정지구역
[767/3367] 경기 화성 1... 지원정지구역
[768/3367] 경기 용인 1... 미발견
[769/3367] 경기 양주 1... 지원정지구역
[770/3367] 경기 남양주 1... 미발견
[771/3367] 경기 시흥 1... 지원정지구역
[772/3367] 경기 화성 1... 지원정지구역
[773/3367] 경기 의정부 1... 미발견
[774/3367] 경기 안성 1... 지원정지구역
[775/3367] 경기 가평 1... 지원정지구역
[776/3367] 경기 이천 1... 미발견
[777/3367] 경기 연천 1... 지원정지구역
[778/3367] 경기 연천 1... 지원정지구역
[779/3367] 경기 안양 1... 미발견
[780/3367] 경기 평택 1... 미발견
[781/3367] 경기 안양 1... 미발견
[782/3367] 경기 안양 1... 미발견
[783/3367] 경기 파주 1... 지원정지구역
[784/3367] 경기 수원 1... 미발견
[785/3367] 경기 하남 1... 미발견
[786/3367] 경기 남양주 1... 미발견
[787/3367] 경기 이천 1... 미발견
[788/3367] 경기 평택 1... 미발견
[789/3367] 경기 평택 1... 미발견
[790/3367] 경기 이천 1... 미발견
[791/3367] 경기 부천 1... 미발견
[792/3367] 경기 포천 1... 지원정지구역
[793/3367] 경기 안양 1... 미발견
[794/3367] 경기 이천 1... 미발견
[795/3367] 경기 안양 1... 미발견
[796/3367] 경기 남양주 1... 미발견
[797/3367] 경기 안산 1... 미발견
[798/3367] 경기 구리 1... 미발견
[799/3367] 경기 양평 1... 지원정지구역
[800/3367] 경기 양평 1... 지원정지구역
[801/3367] 경기 양평 1... 지원정지구역
[802/3367] 경기 남양주 1... 미발견
[803/3367] 경기 화성 1... 지원정지구역
[804/3367] 경기 시흥 1... 지원정지구역
[805/3367] 경기 동두천 1... 지원정지구역
[806/3367] 경기 평택 1... 미발견
[807/3367] 경기 시흥 1... 지원정지구역
[808/3367] 경기 부천 1... 미발견
[809/3367] 경기 남양주 1... 미발견
[810/3367] 경기 부천 1... 미발견
[811/3367] 경기 안산 1... 미발견
[812/3367] 경기 안양 1... 미발견
[813/3367] 경기 용인 1... 미발견
[814/3367] 경기 용인 1... 미발견
[815/3367] 경기 화성 1... 지원정지구역
[816/3367] 경기 용인 1... 미발견
[817/3367] 경기 화성 1... 지원정지구역
[818/3367] 경기 남양주 1... 미발견
[819/3367] 경기 용인 1... 미발견
[820/3367] 경기 시흥 1... 지원정지구역
[821/3367] 경기 용인 1... 미발견
[822/3367] 경기 파주 1... 지원정지구역
[823/3367] 경기 안산 1... 미발견
[824/3367] 경기 군포 1... 지원정지구역
[825/3367] 경기 광주 1... 지원정지구역
[826/3367] 경기 광주 1... 지원정지구역
[827/3367] 경기 광주 1... 지원정지구역
[828/3367] 경기 화성 1... 지원정지구역
[829/3367] 경기 안산 1... 미발견
[830/3367] 경기 파주 1... 지원정지구역
[831/3367] 경기 부천 1... 미발견
[832/3367] 경기 시흥 1... 지원정지구역
[833/3367] 경기 고양 1... 미발견
[834/3367] 경기 남양주 1... 미발견
[835/3367] 경기 화성 1... 지원정지구역
[836/3367] 경기 수원 1... 미발견
[837/3367] 경기 양주 1... 지원정지구역
[838/3367] 경기 남양주 1... 미발견
[839/3367] 경기 군포 1... 지원정지구역
[840/3367] 경기 군포 1... 지원정지구역
[841/3367] 경기 남양주 1... 미발견
[842/3367] 경기 시흥 1... 지원정지구역
[843/3367] 경기 오산 1... 지원정지구역
[844/3367] 경기 하남 1... 미발견
[845/3367] 경기 구리 1... 미발견
[846/3367] 경기 화성 1... 지원정지구역
[847/3367] 경기 용인 1... 미발견
[848/3367] 경기 화성 1... 지원정지구역
[849/3367] 경기 화성 1... 지원정지구역
[850/3367] 경기 성남 1... 미발견
[851/3367] 경기 화성 1... 지원정지구역
[852/3367] 경기 수원 1... 미발견
[853/3367] 경기 수원 1... 미발견
[854/3367] 경기 김포 1... 지원정지구역
[855/3367] 경기 수원 1... 미발견
[856/3367] 경기 양주 1... 지원정지구역
[857/3367] 경기 성남 1... 미발견
[858/3367] 경기 수원 1... 미발견
[859/3367] 경기 수원 1... 미발견
[860/3367] 경기 화성 1... 지원정지구역
[861/3367] 경기 수원 1... 미발견
[862/3367] 경기 평택 1... 미발견
[863/3367] 경기 용인 1... 미발견
[864/3367] 경기 용인 1... 미발견
[865/3367] 경기 평택 1... 미발견
[866/3367] 경기 군포 1... 지원정지구역
[867/3367] 경기 의정부 1... 미발견
[868/3367] 경기 포천 1... 지원정지구역
[869/3367] 경기 광명 1... 미발견
[870/3367] 경기 수원 1... 미발견
[871/3367] 경기 김포 1... 지원정지구역
[872/3367] 경기 고양 1... 미발견
[873/3367] 경기 화성 1... 지원정지구역
[874/3367] 경기 남양주 1... 미발견
[875/3367] 경기 수원 1... 미발견
[876/3367] 경기 평택 1... 미발견
[877/3367] 경기 평택 1... 미발견
[878/3367] 경기 안성 1... 지원정지구역
[879/3367] 경기 평택 1... 미발견
[880/3367] 경기 안성 1... 지원정지구역
[881/3367] 경기 동두천 1... 지원정지구역
[882/3367] 경기 용인 1... 미발견
[883/3367] 경기 용인 1... 미발견
[884/3367] 경기 평택 1... 미발견
[885/3367] 경기 고양 1... 미발견
[886/3367] 경기 파주 1... 지원정지구역
[887/3367] 경기 고양 1... 미발견
[888/3367] 경기 고양 1... 미발견
[889/3367] 경기 안산 1... 미발견
[890/3367] 경기 오산 1... 지원정지구역
[891/3367] 경기 수원 1... 미발견
[892/3367] 경기 성남 1... 미발견
[893/3367] 경기 성남 1... 미발견
[894/3367] 경기 성남 1... 미발견
[895/3367] 경기 성남 1... 미발견
[896/3367] 경기 시흥 1... 지원정지구역
[897/3367] 경기 고양 1... 미발견
[898/3367] 경기 시흥 1... 지원정지구역
[899/3367] 경기 화성 1... 지원정지구역
[900/3367] 경기 수원 1... 미발견
[901/3367] 경기 수원 1... 미발견
[902/3367] 경기 김포 1... 지원정지구역
[903/3367] 경기 부천 1... 미발견
[904/3367] 경기 안성 1... 지원정지구역
[905/3367] 경기 용인 1... 미발견
[906/3367] 경기 화성 1... 지원정지구역
[907/3367] 경기 용인 1... 미발견
[908/3367] 경기 용인 1... 미발견
[909/3367] 경기 부천 1... 미발견
[910/3367] 경기 용인 1... 미발견
[911/3367] 경기 파주 1... 지원정지구역
[912/3367] 경기 남양주 1... 미발견
[913/3367] 경기 평택 1... 미발견
[914/3367] 경기 평택 1... 미발견
[915/3367] 경기 김포 1... 지원정지구역
[916/3367] 경기 화성 1... 지원정지구역
[917/3367] 경기 화성 1... 지원정지구역
[918/3367] 경기 부천 1... 미발견
[919/3367] 경기 남양주 1... 미발견
[920/3367] 경기 화성 1... 지원정지구역
[921/3367] 경기 평택 1... 미발견
[922/3367] 경기 안산 1... 미발견
[923/3367] 경기 고양 1... 미발견
[924/3367] 경기 고양 1... 미발견
[925/3367] 경기 고양 1... 미발견
[926/3367] 경기 평택 1... 미발견
[927/3367] 경기 평택 1... 미발견
[928/3367] 경기 광주 1... 지원정지구역
[929/3367] 경기 평택 1... 미발견
[930/3367] 경기 평택 1... 미발견
[931/3367] 경기 평택 1... 미발견
[932/3367] 경기 수원 1... 미발견
[933/3367] 경기 평택 1... 미발견
[934/3367] 경기 평택 1... 미발견
[935/3367] 경기 평택 1... 미발견
[936/3367] 경기 성남 1... 미발견
[937/3367] 경기 수원 1... 미발견
[938/3367] 경기 구리 1... 미발견
[939/3367] 경기 화성 1... 지원정지구역
[940/3367] 경기 수원 1... 미발견
[941/3367] 경기 하남 1... 미발견
[942/3367] 경기 화성 1... 지원정지구역
[943/3367] 경기 화성 1... 지원정지구역
[944/3367] 경기 안성 1... 지원정지구역
[945/3367] 경기 광주 1... 지원정지구역
[946/3367] 경기 용인 1... 미발견
[947/3367] 경기 용인 1... 미발견
[948/3367] 경기 김포 1... 지원정지구역
[949/3367] 경기 수원 1... 미발견
[950/3367] 경기 김포 1... 지원정지구역
[951/3367] 경기 평택 1... 미발견
[952/3367] 경기 수원 1... 미발견
[953/3367] 경기 수원 1... 미발견
[954/3367] 경기 화성 1... 지원정지구역
[955/3367] 경기 의정부 1... 미발견
[956/3367] 경기 구리 1... 미발견
[957/3367] 경기 평택 1... 미발견
[958/3367] 경기 평택 1... 미발견
[959/3367] 경기 평택 1... 미발견
[960/3367] 경기 군포 1... 지원정지구역
[961/3367] 경기 군포 1... 지원정지구역
[962/3367] 경기 시흥 1... 지원정지구역
[963/3367] 경기 부천 1... 미발견
[964/3367] 경기 화성 1... 지원정지구역
[965/3367] 경기 시흥 1... 지원정지구역
[966/3367] 경기 하남 1... 미발견
[967/3367] 경기 화성 1... 지원정지구역
[968/3367] 경기 수원 1... 미발견
[969/3367] 경기 이천 1... 미발견
[970/3367] 경기 이천 1... 미발견
[971/3367] 경기 부천 1... 미발견
[972/3367] 경기 수원 1... 미발견
[973/3367] 경기 김포 1... 지원정지구역
[974/3367] 경기 용인 1... 미발견
[975/3367] 경기 고양 1... 미발견
[976/3367] 경기 고양 1... 미발견
[977/3367] 경기 김포 1... 지원정지구역
[978/3367] 경기 연천 1... 지원정지구역
[979/3367] 경기 용인 1... 미발견
[980/3367] 경기 이천 1... 미발견
[981/3367] 경기 파주 1... 지원정지구역
[982/3367] 경기 광주 1... 지원정지구역
[983/3367] 경기 양평 1... 지원정지구역
[984/3367] 경기 수원 1... 미발견
[985/3367] 경기 평택 1... 미발견
[986/3367] 경기 포천 1... 지원정지구역
[987/3367] 경기 용인 1... 미발견
[988/3367] 경기 용인 1... 미발견
[989/3367] 경기 용인 1... 미발견
[990/3367] 경기 용인 1... 미발견
[991/3367] 경기 광주 1... 지원정지구역
[992/3367] 경기 오산 1... 지원정지구역
[993/3367] 경기 김포 1... 지원정지구역
[994/3367] 경기 화성 1... 지원정지구역
[995/3367] 경기 화성 1... 지원정지구역
[996/3367] 경기 안양 1... 미발견
[997/3367] 경기 하남 1... 미발견
[998/3367] 경기 안성 1... 지원정지구역
[999/3367] 경기 안성 1... 지원정지구역
[1000/3367] 경기 용인 1... 미발견
[1001/3367] 경기 수원 1... 미발견
[1002/3367] 경기 남양주 1... 미발견
[1003/3367] 경기 평택 1... 미발견
[1004/3367] 경기 수원 1... 미발견
[1005/3367] 경기 김포 1... 지원정지구역
[1006/3367] 경기 화성 1... 지원정지구역
[1007/3367] 경기 용인 1... 미발견
[1008/3367] 경기 포천 1... 지원정지구역
[1009/3367] 경기 남양주 1... 미발견
[1010/3367] 경기 남양주 1... 미발견
[1011/3367] 경기 오산 1... 지원정지구역
[1012/3367] 경기 부천 1... 미발견
[1013/3367] 경기 파주 1... 지원정지구역
[1014/3367] 경기 수원 1... 미발견
[1015/3367] 경기 의정부 1... 미발견
[1016/3367] 경기 의정부 1... 미발견
[1017/3367] 경기 의정부 1... 미발견
[1018/3367] 경기 평택 1... 미발견
[1019/3367] 경기 수원 1... 미발견
[1020/3367] 경기 안양 1... 미발견
[1021/3367] 경기 남양주 1... 미발견
[1022/3367] 경기 남양주 1... 미발견
[1023/3367] 경기 화성 1... 지원정지구역
[1024/3367] 경기 화성 1... 지원정지구역
[1025/3367] 경기 성남 1... 미발견
[1026/3367] 경기 남양주 1... 미발견
[1027/3367] 경기 화성 1... 지원정지구역
[1028/3367] 경기 용인 1... 미발견
[1029/3367] 경기 김포 1... 지원정지구역
[1030/3367] 경기 안성 1... 지원정지구역
[1031/3367] 경기 평택 1... 미발견
[1032/3367] 경기 양주 1... 지원정지구역
[1033/3367] 경기 안성 1... 지원정지구역
[1034/3367] 경기 시흥 1... 지원정지구역
[1035/3367] 경기 안양 1... 미발견
[1036/3367] 경기 수원 1... 미발견
[1037/3367] 경기 동두천 1... 지원정지구역
[1038/3367] 경기 부천 1... 미발견
[1039/3367] 경기 파주 1... 지원정지구역
[1040/3367] 경기 고양 1... 미발견
[1041/3367] 경기 시흥 1... 지원정지구역
[1042/3367] 경기 시흥 1... 지원정지구역
[1043/3367] 경기 남양주 1... 미발견
[1044/3367] 경기 파주 1... 지원정지구역
[1045/3367] 경기 화성 1... 지원정지구역
[1046/3367] 경기 고양 1... 미발견
[1047/3367] 경기 안양 1... 미발견
[1048/3367] 경기 안양 1... 미발견
[1049/3367] 경기 안양 1... 미발견
[1050/3367] 경기 화성 1... 지원정지구역
[1051/3367] 경기 의정부 1... 미발견
[1052/3367] 경기 파주 1... 지원정지구역
[1053/3367] 경기 안양 1... 미발견
[1054/3367] 경기 용인 1... 미발견
[1055/3367] 경기 안양 1... 미발견
[1056/3367] 경기 고양 1... 미발견
[1057/3367] 경기 안산 1... 미발견
[1058/3367] 경기 용인 1... 미발견
[1059/3367] 경기 의정부 1... 미발견
[1060/3367] 경기 수원 1... 미발견
[1061/3367] 경기 고양 1... 미발견
[1062/3367] 경기 의정부 1... 미발견
[1063/3367] 경기 의정부 1... 미발견
[1064/3367] 경기 안양 1... 미발견
[1065/3367] 경기 구리 1... 미발견
[1066/3367] 경기 광주 1... 지원정지구역
[1067/3367] 경기 광주 1... 지원정지구역
[1068/3367] 경기 용인 1... 미발견
[1069/3367] 경기 안양 1... 미발견
[1070/3367] 경기 파주 1... 지원정지구역
[1071/3367] 경기 용인 1... 미발견
[1072/3367] 경기 의정부 1... 미발견
[1073/3367] 경기 의정부 1... 미발견
[1074/3367] 경기 화성 1... 지원정지구역
[1075/3367] 경기 화성 1... 지원정지구역
[1076/3367] 경기 이천 1... 미발견
[1077/3367] 경기 수원 1... 미발견
[1078/3367] 경기 수원 1... 미발견
[1079/3367] 경기 수원 1... 미발견
[1080/3367] 경기 수원 1... 미발견
[1081/3367] 경기 수원 1... 미발견
[1082/3367] 경기 화성 1... 지원정지구역
[1083/3367] 경기 양주 1... 지원정지구역
[1084/3367] 경기 부천 1... 미발견
[1085/3367] 경기 파주 1... 지원정지구역
[1086/3367] 경기 화성 1... 지원정지구역
[1087/3367] 경기 김포 1... 지원정지구역
[1088/3367] 경기 고양 1... 미발견
[1089/3367] 경기 파주 1... 지원정지구역
[1090/3367] 경기 군포 1... 지원정지구역
[1091/3367] 경기 양주 1... 지원정지구역
[1092/3367] 경기 하남 1... 미발견
[1093/3367] 경기 구리 1... 미발견
[1094/3367] 경기 고양 1... 미발견
[1095/3367] 경기 화성 1... 지원정지구역
[1096/3367] 경기 평택 1... 미발견
[1097/3367] 경기 고양 1... 미발견
[1098/3367] 경기 안성 1... 지원정지구역
[1099/3367] 경기 화성 1... 지원정지구역
[1100/3367] 경기 안양 1... 미발견
[1101/3367] 경기 의정부 1... 미발견
[1102/3367] 경기 수원 1... 미발견
[1103/3367] 경기 남양주 1... 미발견
[1104/3367] 경기 여주 1... 지원정지구역
[1105/3367] 경기 용인 1... 미발견
[1106/3367] 경기 양주 1... 지원정지구역
[1107/3367] 경기 양주 1... 지원정지구역
[1108/3367] 경기 양주 1... 지원정지구역
[1109/3367] 경기 광명 1... 미발견
[1110/3367] 경기 성남 1... 미발견
[1111/3367] 경기 고양 1... 미발견
[1112/3367] 경기 동두천 1... 지원정지구역
[1113/3367] 경기 파주 1... 지원정지구역
[1114/3367] 경기 안양 1... 미발견
[1115/3367] 경기 용인 1... 미발견
[1116/3367] 경기 평택 1... 미발견
[1117/3367] 경기 화성 1... 지원정지구역
[1118/3367] 경기 화성 1... 지원정지구역
[1119/3367] 경기 화성 1... 지원정지구역
[1120/3367] 경기 의정부 1... 미발견
[1121/3367] 경기 고양 1... 미발견
[1122/3367] 경기 파주 1... 지원정지구역
[1123/3367] 경기 광주 1... 지원정지구역
[1124/3367] 경기 수원 1... 미발견
[1125/3367] 경기 성남 1... 미발견
[1126/3367] 경기 성남 1... 미발견
[1127/3367] 경기 의정부 1... 미발견
[1128/3367] 경기 수원 1... 미발견
[1129/3367] 경기 고양 1... 미발견
[1130/3367] 경기 용인 1... 미발견
[1131/3367] 경기 성남 1... 미발견
[1132/3367] 경기 남양주 1... 미발견
[1133/3367] 경기 평택 1... 미발견
[1134/3367] 경기 안성 1... 지원정지구역
[1135/3367] 경기 파주 1... 지원정지구역
[1136/3367] 경기 오산 1... 지원정지구역
[1137/3367] 경기 화성 1... 지원정지구역
[1138/3367] 경기 고양 1... 미발견
[1139/3367] 경기 하남 1... 미발견
[1140/3367] 경기 안성 1... 지원정지구역
[1141/3367] 경기 평택 1... 미발견
[1142/3367] 경기 평택 1... 미발견
[1143/3367] 경기 용인 1... 미발견
[1144/3367] 경기 광주 1... 지원정지구역
[1145/3367] 경기 수원 1... 미발견
[1146/3367] 경기 안산 1... 미발견
[1147/3367] 경기 안산 1... 미발견
[1148/3367] 경기 수원 1... 미발견
[1149/3367] 경기 안성 1... 지원정지구역
[1150/3367] 경기 고양 1... 미발견
[1151/3367] 경기 고양 1... 미발견
[1152/3367] 경기 고양 1... 미발견
[1153/3367] 경기 화성 1... 지원정지구역
[1154/3367] 경기 수원 1... 미발견
[1155/3367] 경기 화성 1... 지원정지구역
[1156/3367] 경기 화성 1... 지원정지구역
[1157/3367] 경기 화성 1... 지원정지구역
[1158/3367] 경기 화성 1... 지원정지구역
[1159/3367] 경기 평택 1... 미발견
[1160/3367] 경기 오산 1... 지원정지구역
[1161/3367] 경기 고양 1... 미발견
[1162/3367] 경기 수원 1... 미발견
[1163/3367] 경기 수원 1... 미발견
[1164/3367] 경기 수원 1... 미발견
[1165/3367] 경기 안양 1... 미발견
[1166/3367] 경기 군포 1... 지원정지구역
[1167/3367] 경기 부천 1... 미발견
[1168/3367] 경기 부천 1... 미발견
[1169/3367] 경기 부천 1... 미발견
[1170/3367] 경기 수원 1... 미발견
[1171/3367] 경기 시흥 1... 지원정지구역
[1172/3367] 경기 부천 1... 미발견
[1173/3367] 경기 시흥 1... 지원정지구역
[1174/3367] 경기 구리 1... 미발견
[1175/3367] 경기 수원 1... 미발견
[1176/3367] 경기 의정부 1... 미발견
[1177/3367] 경기 의정부 1... 미발견
[1178/3367] 경기 평택 1... 미발견
[1179/3367] 경기 포천 1... 지원정지구역
[1180/3367] 경기 남양주 1... 미발견
[1181/3367] 경기 남양주 1... 미발견
[1182/3367] 경기 고양 1... 미발견
[1183/3367] 경기 성남 1... 미발견
[1184/3367] 경기 하남 1... 미발견
[1185/3367] 경기 구리 1... 미발견
[1186/3367] 경기 고양 1... 미발견
[1187/3367] 경기 시흥 1... 지원정지구역
[1188/3367] 경기 화성 1... 지원정지구역
[1189/3367] 경기 남양주 1... 미발견
[1190/3367] 경기 남양주 1... 미발견
[1191/3367] 경기 고양 1... 미발견
[1192/3367] 경기 연천 1... 지원정지구역
[1193/3367] 경기 시흥 1... 지원정지구역
[1194/3367] 경기 평택 1... 미발견
[1195/3367] 경기 양주 1... 지원정지구역
[1196/3367] 경기 부천 1... 미발견
[1197/3367] 경기 고양 1... 미발견
[1198/3367] 경기 고양 1... 미발견
[1199/3367] 경기 성남 1... 미발견
[1200/3367] 경기 화성 1... 지원정지구역
[1201/3367] 경기 고양 1... 미발견
[1202/3367] 경기 수원 1... 미발견
[1203/3367] 경기 수원 1... 미발견
[1204/3367] 경기 용인 1... 미발견
[1205/3367] 경기 고양 1... 미발견
[1206/3367] 경기 고양 1... 미발견
[1207/3367] 경기 남양주 1... 미발견
[1208/3367] 경기 의정부 1... 미발견
[1209/3367] 경기 하남 1... 미발견
[1210/3367] 경기 파주 1... 지원정지구역
[1211/3367] 경기 고양 1... 미발견
[1212/3367] 경기 파주 1... 지원정지구역
[1213/3367] 경기 남양주 1... 미발견
[1214/3367] 경기 구리 1... 미발견
[1215/3367] 경기 남양주 1... 미발견
[1216/3367] 경기 양주 1... 지원정지구역
[1217/3367] 경기 양주 1... 지원정지구역
[1218/3367] 경기 구리 1... 미발견
[1219/3367] 경기 양주 1... 지원정지구역
[1220/3367] 경기 의정부 1... 미발견
[1221/3367] 경기 광명 1... 미발견
[1222/3367] 경기 평택 1... 미발견
[1223/3367] 경기 남양주 1... 미발견
[1224/3367] 경기 파주 1... 지원정지구역
[1225/3367] 경기 양주 1... 지원정지구역
[1226/3367] 경기 남양주 1... 미발견
[1227/3367] 경기 시흥 1... 지원정지구역
[1228/3367] 경기 수원 1... 미발견
[1229/3367] 경기 남양주 1... 미발견
[1230/3367] 경기 안산 1... 미발견
[1231/3367] 경기 부천 1... 미발견
[1232/3367] 경기 화성 1... 지원정지구역
[1233/3367] 경기 안성 1... 지원정지구역
[1234/3367] 경기 화성 1... 지원정지구역
[1235/3367] 경기 고양 1... 미발견
[1236/3367] 경기 광주 1... 지원정지구역
[1237/3367] 경기 화성 1... 지원정지구역
[1238/3367] 경기 이천 1... 미발견
[1239/3367] 경기 용인 1... 미발견
[1240/3367] 경기 안성 1... 지원정지구역
[1241/3367] 경기 수원 1... 미발견
[1242/3367] 경기 성남 1... 미발견
[1243/3367] 경기 평택 1... 미발견
[1244/3367] 경기 남양주 1... 미발견
[1245/3367] 경기 고양 1... 미발견
[1246/3367] 경기 수원 1... 미발견
[1247/3367] 경기 수원 1... 미발견
[1248/3367] 경기 파주 1... 지원정지구역
[1249/3367] 경기 수원 1... 미발견
[1250/3367] 경기 안양 1... 미발견
[1251/3367] 경기 시흥 1... 지원정지구역
[1252/3367] 경기 이천 1... 미발견
[1253/3367] 경기 평택 1... 미발견
[1254/3367] 경기 하남 1... 미발견
[1255/3367] 경기 안양 1... 미발견
[1256/3367] 경기 이천 1... 미발견
[1257/3367] 경기 이천 1... 미발견
[1258/3367] 경기 평택 1... 미발견
[1259/3367] 경기 고양 1... 미발견
[1260/3367] 경기 성남 1... 미발견
[1261/3367] 경기 안산 1... 미발견
[1262/3367] 경기 화성 1... 지원정지구역
[1263/3367] 경기 안양 1... 미발견
[1264/3367] 경기 이천 1... 미발견
[1265/3367] 경기 용인 1... 미발견
[1266/3367] 경기 성남 1... 미발견
[1267/3367] 경기 시흥 1... 지원정지구역
[1268/3367] 경기 시흥 1... 지원정지구역
[1269/3367] 경기 평택 1... 미발견
[1270/3367] 경기 여주 1... 지원정지구역
[1271/3367] 경기 이천 1... 미발견
[1272/3367] 경기 이천 1... 미발견
[1273/3367] 경기 부천 1... 미발견
[1274/3367] 경기 부천 1... 미발견
[1275/3367] 경기 수원 1... 미발견
[1276/3367] 경기 고양 1... 미발견
[1277/3367] 경기 수원 1... 미발견
[1278/3367] 경기 수원 1... 미발견
[1279/3367] 경기 여주 1... 지원정지구역
[1280/3367] 경기 남양주 1... 미발견
[1281/3367] 경기 김포 1... 지원정지구역
[1282/3367] 경기 이천 1... 미발견
[1283/3367] 경기 파주 1... 지원정지구역
[1284/3367] 경기 안산 1... 미발견
[1285/3367] 경기 안산 1... 미발견
[1286/3367] 경기 안산 1... 미발견
[1287/3367] 경기 용인 1... 미발견
[1288/3367] 경기 화성 1... 지원정지구역
[1289/3367] 경기 안성 1... 지원정지구역
[1290/3367] 경기 양주 1... 지원정지구역
[1291/3367] 경기 안성 1... 지원정지구역
[1292/3367] 경기 김포 1... 지원정지구역
[1293/3367] 경기 용인 1... 미발견
[1294/3367] 경기 남양주 1... 미발견
[1295/3367] 경기 하남 1... 미발견
[1296/3367] 경기 하남 1... 미발견
[1297/3367] 경기 화성 1... 지원정지구역
[1298/3367] 경기 고양 1... 미발견
[1299/3367] 경기 고양 1... 미발견
[1300/3367] 경기 하남 1... 미발견
[1301/3367] 경기 성남 1... 미발견
[1302/3367] 경기 파주 1... 지원정지구역
[1303/3367] 경기 의정부 1... 미발견
[1304/3367] 경기 용인 1... 미발견
[1305/3367] 경기 고양 1... 미발견
[1306/3367] 경기 용인 1... 미발견
[1307/3367] 경기 여주 1... 지원정지구역
[1308/3367] 경기 평택 1... 미발견
[1309/3367] 경기 수원 1... 미발견
[1310/3367] 경기 평택 1... 미발견
[1311/3367] 경기 평택 1... 미발견
[1312/3367] 경기 고양 1... 미발견
[1313/3367] 경기 수원 1... 미발견
[1314/3367] 경기 부천 1... 미발견
[1315/3367] 경기 수원 1... 미발견
[1316/3367] 경기 화성 1... 지원정지구역
[1317/3367] 경기 안성 1... 지원정지구역
[1318/3367] 경기 안성 1... 지원정지구역
[1319/3367] 경기 안성 1... 지원정지구역
[1320/3367] 경기 평택 1... 미발견
[1321/3367] 경기 평택 1... 미발견
[1322/3367] 경기 김포 1... 지원정지구역
[1323/3367] 경기 안성 1... 지원정지구역
[1324/3367] 경기 오산 1... 지원정지구역
[1325/3367] 경기 안성 1... 지원정지구역
[1326/3367] 경기 평택 1... 미발견
[1327/3367] 경기 오산 1... 지원정지구역
[1328/3367] 경기 고양 1... 미발견
[1329/3367] 경기 안산 1... 미발견
[1330/3367] 경기 안성 1... 지원정지구역
[1331/3367] 경기 안성 1... 지원정지구역
[1332/3367] 경기 평택 1... 미발견
[1333/3367] 경기 오산 1... 지원정지구역
[1334/3367] 경기 평택 1... 미발견
[1335/3367] 경기 평택 1... 미발견
[1336/3367] 경기 오산 1... 지원정지구역
[1337/3367] 경기 오산 1... 지원정지구역
[1338/3367] 경기 오산 1... 지원정지구역
[1339/3367] 경기 평택 1... 미발견
[1340/3367] 경기 평택 1... 미발견
[1341/3367] 경기 안성 1... 지원정지구역
[1342/3367] 경기 화성 1... 지원정지구역
[1343/3367] 경기 부천 1... 미발견
[1344/3367] 경기 양주 1... 지원정지구역
[1345/3367] 경기 평택 1... 미발견
[1346/3367] 경기 파주 1... 지원정지구역
[1347/3367] 서울 영등포 1... 미발견
[1348/3367] 경기 이천 1... 미발견
[1349/3367] 경기 오산 1... 지원정지구역
[1350/3367] 경기 오산 1... 지원정지구역
[1351/3367] 경기 이천 1... 미발견
[1352/3367] 경기 화성 1... 지원정지구역
[1353/3367] 경기 평택 1... 미발견
[1354/3367] 경기 이천 1... 미발견
[1355/3367] 경기 오산 1... 지원정지구역
[1356/3367] 경기 하남 1... 미발견
[1357/3367] 경기 고양 1... 미발견
[1358/3367] 경기 남양주 1... 미발견
[1359/3367] 경기 화성 1... 지원정지구역
[1360/3367] 경기 남양주 1... 미발견
[1361/3367] 경기 수원 1... 미발견
[1362/3367] 경기 화성 1... 지원정지구역
[1363/3367] 경기 파주 1... 지원정지구역
[1364/3367] 경기 남양주 1... 미발견
[1365/3367] 경기 평택 1... 미발견
[1366/3367] 경기 안양 1... 미발견
[1367/3367] 경기 광주 1... 지원정지구역
[1368/3367] 경기 수원 1... 미발견
[1369/3367] 경기 용인 1... 미발견
[1370/3367] 경기 용인 1... 미발견
[1371/3367] 경기 양주 1... 지원정지구역
[1372/3367] 경기 용인 1... 미발견
[1373/3367] 경기 화성 1... 지원정지구역
[1374/3367] 경기 부천 1... 미발견
[1375/3367] 경기 부천 1... 미발견
[1376/3367] 경기 평택 1... 미발견
[1377/3367] 경기 화성 1... 지원정지구역
[1378/3367] 경기 평택 1... 미발견
[1379/3367] 경기 시흥 1... 지원정지구역
[1380/3367] 경기 안성 1... 지원정지구역
[1381/3367] 경기 김포 1... 지원정지구역
[1382/3367] 경기 의왕 1... 지원정지구역
[1383/3367] 경기 화성 1... 지원정지구역
[1384/3367] 경기 고양 1... 미발견
[1385/3367] 경기 남양주 1... 미발견
[1386/3367] 경기 부천 1... 미발견
[1387/3367] 경기 안산 1... 미발견
[1388/3367] 경기 김포 1... 지원정지구역
[1389/3367] 경기 화성 1... 지원정지구역
[1390/3367] 경기 부천 1... 미발견
[1391/3367] 경기 수원 1... 미발견
[1392/3367] 경기 오산 1... 지원정지구역
[1393/3367] 경기 광주 1... 지원정지구역
[1394/3367] 경기 평택 1... 미발견
[1395/3367] 경기 김포 1... 지원정지구역
[1396/3367] 경기 용인 1... 미발견
[1397/3367] 경기 부천 1... 미발견
[1398/3367] 경기 용인 1... 미발견
[1399/3367] 경기 오산 1... 지원정지구역
[1400/3367] 경기 시흥 1... 지원정지구역
[1401/3367] 경기 수원 1... 미발견
[1402/3367] 경기 하남 1... 미발견
[1403/3367] 경기 군포 1... 지원정지구역
[1404/3367] 경기 김포 1... 지원정지구역
[1405/3367] 경기 화성 1... 지원정지구역
[1406/3367] 경기 성남 1... 미발견
[1407/3367] 경기 안양 1... 미발견
[1408/3367] 경기 평택 1... 미발견
[1409/3367] 경기 화성 1... 지원정지구역
[1410/3367] 경기 하남 1... 미발견
[1411/3367] 경기 양주 1... 지원정지구역
[1412/3367] 경기 수원 1... 미발견
[1413/3367] 경기 안산 1... 미발견
[1414/3367] 경기 안산 1... 미발견
[1415/3367] 강원 춘천 1... 지원정지구역
[1416/3367] 경기 구리 1... 미발견
[1417/3367] 경기 양주 1... 지원정지구역
[1418/3367] 경기 화성 1... 지원정지구역
[1419/3367] 경기 광명 1... 미발견
[1420/3367] 경기 평택 1... 미발견
[1421/3367] 경기 안산 1... 미발견
[1422/3367] 경기 화성 1... 지원정지구역
[1423/3367] 경기 화성 1... 지원정지구역
[1424/3367] 경기 화성 1... 지원정지구역
[1425/3367] 경기 성남 1... 미발견
[1426/3367] 경기 고양 1... 미발견
[1427/3367] 경기 부천 1... 미발견
[1428/3367] 경기 고양 1... 미발견
[1429/3367] 경기 성남 1... 미발견
[1430/3367] 경기 평택 1... 미발견
[1431/3367] 경기 의정부 1... 미발견
[1432/3367] 경기 김포 1... 지원정지구역
[1433/3367] 경기 김포 1... 지원정지구역
[1434/3367] 경기 고양 1... 미발견
[1435/3367] 경기 화성 1... 지원정지구역
[1436/3367] 경기 시흥 1... 지원정지구역
[1437/3367] 경기 평택 1... 미발견
[1438/3367] 경기 화성 1... 지원정지구역
[1439/3367] 경기 남양주 1... 미발견
[1440/3367] 경기 화성 1... 지원정지구역
[1441/3367] 경기 하남 1... 미발견
[1442/3367] 경기 파주 1... 지원정지구역
[1443/3367] 경기 평택 1... 미발견
[1444/3367] 경기 성남 1... 미발견
[1445/3367] 경기 하남 1... 미발견
[1446/3367] 경기 하남 1... 미발견
[1447/3367] 경기 수원 1... 미발견
[1448/3367] 경기 김포 1... 지원정지구역
[1449/3367] 경기 수원 1... 미발견
[1450/3367] 경기 양주 1... 지원정지구역
[1451/3367] 경기 안양 1... 미발견
[1452/3367] 경기 남양주 1... 미발견
[1453/3367] 경기 파주 1... 지원정지구역
[1454/3367] 경기 파주 1... 지원정지구역
[1455/3367] 경기 수원 1... 미발견
[1456/3367] 경기 포천 1... 지원정지구역
[1457/3367] 경기 부천 1... 미발견
[1458/3367] 경기 부천 1... 미발견
[1459/3367] 경기 부천 1... 미발견
[1460/3367] 경기 부천 1... 미발견
[1461/3367] 경기 부천 1... 미발견
[1462/3367] 경기 동탄 1... 지원정지구역
[1463/3367] 경기 광명 1... 미발견
[1464/3367] 경기 수원 1... 미발견
[1465/3367] 경기 성남 1... 미발견
[1466/3367] 경기 성남 1... 미발견
[1467/3367] 경기 성남 1... 미발견
[1468/3367] 경기 이천 1... 미발견
[1469/3367] 경기 김포 1... 지원정지구역
[1470/3367] 경기 김포 1... 지원정지구역
[1471/3367] 경기 양주 1... 지원정지구역
[1472/3367] 경기 성남 1... 미발견
[1473/3367] 경기 파주 1... 지원정지구역
[1474/3367] 경기 화성 1... 지원정지구역
[1475/3367] 경기 용인 1... 미발견
[1476/3367] 경기 시흥 1... 지원정지구역
[1477/3367] 경기 김포 1... 지원정지구역
[1478/3367] 경기 하남 1... 미발견
[1479/3367] 경기 고양 1... 미발견
[1480/3367] 경기 김포 1... 지원정지구역
[1481/3367] 경기 부천 1... 미발견
[1482/3367] 경기 파주 1... 지원정지구역
[1483/3367] 경기 화성 1... 지원정지구역
[1484/3367] 경기 광주 1... 지원정지구역
[1485/3367] 경기 양주 1... 지원정지구역
[1486/3367] 경기 부천 1... 미발견
[1487/3367] 경기 김포 1... 지원정지구역
[1488/3367] 경기 고양 1... 미발견
[1489/3367] 경기 성남 1... 미발견
[1490/3367] 경기 고양 1... 미발견
[1491/3367] 경기 성남 1... 미발견
[1492/3367] 경기 파주 1... 지원정지구역
[1493/3367] 경기 평택 1... 미발견
[1494/3367] 경기 고양 1... 미발견
[1495/3367] 경기 파주 1... 지원정지구역
[1496/3367] 경기 성남 1... 미발견
[1497/3367] 경기 화성 1... 지원정지구역
[1498/3367] 경기 평택 1... 미발견
[1499/3367] 경기 김포 1... 지원정지구역
[1500/3367] 경기 의정부 1... 미발견
[1501/3367] 경기 고양 1... 미발견
[1502/3367] 경기 부천 1... 미발견
[1503/3367] 경기 시흥 1... 지원정지구역
[1504/3367] 경기 김포 1... 지원정지구역
[1505/3367] 경기 광명 1... 미발견
[1506/3367] 경기 광명 1... 미발견
[1507/3367] 경기 성남 1... 미발견
[1508/3367] 경기 시흥 1... 지원정지구역
[1509/3367] 경기 양주 1... 지원정지구역
[1510/3367] 경기 용인 1... 미발견
[1511/3367] 경기 김포 1... 지원정지구역
[1512/3367] 경기 화성 1... 지원정지구역
[1513/3367] 경기 김포 1... 지원정지구역
[1514/3367] 경기 고양 1... 미발견
[1515/3367] 경기 의정부 1... 미발견
[1516/3367] 경기 고양 1... 미발견
[1517/3367] 경기 오산 1... 지원정지구역
[1518/3367] 경기 평택 1... 미발견
[1519/3367] 경기 안산 1... 미발견
[1520/3367] 경기 부천 1... 미발견
[1521/3367] 경기 안양 1... 미발견
[1522/3367] 경기 수원 1... 미발견
[1523/3367] 경기 김포 1... 지원정지구역
[1524/3367] 경기 고양 1... 미발견
[1525/3367] 경기 시흥 1... 지원정지구역
[1526/3367] 경기 오산 1... 지원정지구역
[1527/3367] 경기 수원 1... 미발견
[1528/3367] 경기 용인 1... 미발견
[1529/3367] 경기 광명 1... 미발견
[1530/3367] 경기 김포 1... 지원정지구역
[1531/3367] 경기 군포 1... 지원정지구역
[1532/3367] 경기 파주 1... 지원정지구역
[1533/3367] 경기 용인 1... 미발견
[1534/3367] 경기 시흥 1... 지원정지구역
[1535/3367] 경기 부천 1... 미발견
[1536/3367] 경기 부천 1... 미발견
[1537/3367] 경기 과천 1... 미발견
[1538/3367] 경기 의정부 1... 미발견
[1539/3367] 경기 화성 1... 지원정지구역
[1540/3367] 경기 화성 1... 지원정지구역
[1541/3367] 경기 양주 1... 지원정지구역
[1542/3367] 경기 고양 1... 미발견
[1543/3367] 경기 김포 1... 지원정지구역
[1544/3367] 경기 김포 1... 지원정지구역
[1545/3367] 경기 남양주 1... 미발견
[1546/3367] 경기 하남 1... 미발견
[1547/3367] 경기 하남 1... 미발견
[1548/3367] 경기 광주 1... 지원정지구역
[1549/3367] 경기 평택 1... 미발견
[1550/3367] 인천 서 1... 미발견
[1551/3367] 인천 계양 1... 지원정지구역
[1552/3367] 인천 연수 1... 미발견
[1553/3367] 인천 서 1... 미발견
[1554/3367] 인천 부평 1... 지원정지구역
[1555/3367] 인천 서 1... 미발견
[1556/3367] 인천 남동 1... 미발견
[1557/3367] 인천 부평 1... 지원정지구역
[1558/3367] 인천 미추홀 1... 지원정지구역
[1559/3367] 인천 남동 1... 미발견
[1560/3367] 인천 남동 1... 미발견
[1561/3367] 인천 서 1... 미발견
[1562/3367] 인천 남동 1... 미발견
[1563/3367] 인천 연수 1... 미발견
[1564/3367] 인천 서 1... 미발견
[1565/3367] 인천 서 1... 미발견
[1566/3367] 인천 서 1... 미발견
[1567/3367] 인천 서 1... 미발견
[1568/3367] 인천 서 1... 미발견
[1569/3367] 인천 연수 1... 미발견
[1570/3367] 인천 서 1... 미발견
[1571/3367] 인천 연수 1... 미발견
[1572/3367] 인천 서 1... 미발견
[1573/3367] 인천 연수 1... 미발견
[1574/3367] 인천 연수 1... 미발견
[1575/3367] 인천 연수 1... 미발견
[1576/3367] 인천 서 1... 미발견
[1577/3367] 인천 중 1... 미발견
[1578/3367] 인천 서 1... 미발견
[1579/3367] 인천 서 1... 미발견
[1580/3367] 인천 중 1... 미발견
[1581/3367] 인천 연수 1... 미발견
[1582/3367] 인천 연수 1... 미발견
[1583/3367] 인천 계양 1... 지원정지구역
[1584/3367] 인천 중 1... 미발견
[1585/3367] 인천 중 1... 미발견
[1586/3367] 인천 연수 1... 미발견
[1587/3367] 인천 부평 1... 지원정지구역
[1588/3367] 인천 계양 1... 지원정지구역
[1589/3367] 인천 부평 1... 지원정지구역
[1590/3367] 인천 서 1... 미발견
[1591/3367] 인천 계양 1... 지원정지구역
[1592/3367] 인천 미추홀 1... 지원정지구역
[1593/3367] 인천 계양 1... 지원정지구역
[1594/3367] 인천 부평 1... 지원정지구역
[1595/3367] 인천 동 1... 지원정지구역
[1596/3367] 인천 계양 1... 지원정지구역
[1597/3367] 인천 부평 1... 지원정지구역
[1598/3367] 인천 미추홀 1... 지원정지구역
[1599/3367] 인천 서 1... 미발견
[1600/3367] 인천 부평 1... 지원정지구역
[1601/3367] 인천 연수 1... 미발견
[1602/3367] 인천 부평 1... 지원정지구역
[1603/3367] 인천 서 1... 미발견
[1604/3367] 인천 서 1... 미발견
[1605/3367] 인천 부평 1... 지원정지구역
[1606/3367] 인천 서 1... 미발견
[1607/3367] 인천 남동 1... 미발견
[1608/3367] 인천 부평 1... 지원정지구역
[1609/3367] 인천 계양 1... 지원정지구역
[1610/3367] 인천 미추홀 1... 지원정지구역
[1611/3367] 인천 남동 1... 미발견
[1612/3367] 인천 남동 1... 미발견
[1613/3367] 인천 연수 1... 미발견
[1614/3367] 인천 서 1... 미발견
[1615/3367] 인천 부평 1... 지원정지구역
[1616/3367] 인천 부평 1... 지원정지구역
[1617/3367] 인천 서 1... 미발견
[1618/3367] 인천 서 1... 미발견
[1619/3367] 인천 계양 1... 지원정지구역
[1620/3367] 인천 계양 1... 지원정지구역
[1621/3367] 인천 서 1... 미발견
[1622/3367] 인천 미추홀 1... 지원정지구역
[1623/3367] 인천 남동 1... 미발견
[1624/3367] 인천 연수 1... 미발견
[1625/3367] 인천 미추홀 1... 지원정지구역
[1626/3367] 인천 부평 1... 지원정지구역
[1627/3367] 인천 부평 1... 지원정지구역
[1628/3367] 인천 부평 1... 지원정지구역
[1629/3367] 인천 서 1... 미발견
[1630/3367] 인천 남동 1... 미발견
[1631/3367] 인천 남동 1... 미발견
[1632/3367] 인천 서 1... 미발견
[1633/3367] 인천 중 1... 미발견
[1634/3367] 인천 연수 1... 미발견
[1635/3367] 인천 계양 1... 지원정지구역
[1636/3367] 인천 중 1... 미발견
[1637/3367] 인천 중 1... 미발견
[1638/3367] 인천 연수 1... 미발견
[1639/3367] 인천 미추홀 1... 지원정지구역
[1640/3367] 인천 남동 1... 미발견
[1641/3367] 인천 서 1... 미발견
[1642/3367] 인천 계양 1... 지원정지구역
[1643/3367] 인천 서 1... 미발견
[1644/3367] 인천 부평 1... 지원정지구역
[1645/3367] 인천 부평 1... 지원정지구역
[1646/3367] 인천 미추홀 1... 지원정지구역
[1647/3367] 인천 계양 1... 지원정지구역
[1648/3367] 인천 서 1... 미발견
[1649/3367] 인천 남동 1... 미발견
[1650/3367] 인천 부평 1... 지원정지구역
[1651/3367] 인천 서 1... 미발견
[1652/3367] 인천 서 1... 미발견
[1653/3367] 인천 서 1... 미발견
[1654/3367] 인천 서 1... 미발견
[1655/3367] 인천 남동 1... 미발견
[1656/3367] 인천 계양 1... 지원정지구역
[1657/3367] 인천 미추홀 1... 지원정지구역
[1658/3367] 인천 연수 1... 미발견
[1659/3367] 인천 서 1... 미발견
[1660/3367] 인천 서 1... 미발견
[1661/3367] 인천 연수 1... 미발견
[1662/3367] 인천 중 1... 미발견
[1663/3367] 인천 중 1... 미발견
[1664/3367] 인천 서 1... 미발견
[1665/3367] 인천 서 1... 미발견
[1666/3367] 인천 계양 1... 지원정지구역
[1667/3367] 인천 부평 1... 지원정지구역
[1668/3367] 인천 연수 1... 미발견
[1669/3367] 인천 서 1... 미발견
[1670/3367] 인천 서 1... 미발견
[1671/3367] 인천 서 1... 미발견
[1672/3367] 인천 중 1... 미발견
[1673/3367] 인천 남동 1... 미발견
[1674/3367] 인천 미추홀 1... 지원정지구역
[1675/3367] 인천 남동 1... 미발견
[1676/3367] 인천 서 1... 미발견
[1677/3367] 인천 서 1... 미발견
[1678/3367] 인천 서 1... 미발견
[1679/3367] 인천 부평 1... 지원정지구역
[1680/3367] 인천 미추홀 1... 지원정지구역
[1681/3367] 인천 연수 1... 미발견
[1682/3367] 인천 미추홀 1... 지원정지구역
[1683/3367] 인천 서 1... 미발견
[1684/3367] 인천 서 1... 미발견
[1685/3367] 인천 미추홀 1... 지원정지구역
[1686/3367] 인천 부평 1... 지원정지구역
[1687/3367] 인천 서 1... 미발견
[1688/3367] 인천 서 1... 미발견
[1689/3367] 인천 서 1... 미발견
[1690/3367] 인천 연수 1... 미발견
[1691/3367] 인천 남동 1... 미발견
[1692/3367] 인천 미추홀 1... 지원정지구역
[1693/3367] 인천 서 1... 미발견
[1694/3367] 인천 서 1... 미발견
[1695/3367] 인천 서 1... 미발견
[1696/3367] 인천 서 1... 미발견
[1697/3367] 인천 연수 1... 미발견
[1698/3367] 인천 부평 1... 지원정지구역
[1699/3367] 인천 미추홀 1... 지원정지구역
[1700/3367] 인천 미추홀 1... 지원정지구역
[1701/3367] 인천 계양 1... 지원정지구역
[1702/3367] 인천 중 1... 미발견
[1703/3367] 인천 중 1... 미발견
[1704/3367] 인천 부평 1... 지원정지구역
[1705/3367] 인천 미추홀 1... 지원정지구역
[1706/3367] 인천 중 1... 미발견
[1707/3367] 인천 미추홀 1... 지원정지구역
[1708/3367] 인천 부평 1... 지원정지구역
[1709/3367] 인천 중 1... 미발견
[1710/3367] 인천 부평 1... 지원정지구역
[1711/3367] 인천 남동 1... 미발견
[1712/3367] 인천 계양 1... 지원정지구역
[1713/3367] 인천 남동 1... 미발견
[1714/3367] 인천 부평 1... 지원정지구역
[1715/3367] 인천 미추홀 1... 지원정지구역
[1716/3367] 인천 계양 1... 지원정지구역
[1717/3367] 인천 부평 1... 지원정지구역
[1718/3367] 인천 서 1... 미발견
[1719/3367] 인천 남동 1... 미발견
[1720/3367] 인천 남동 1... 미발견
[1721/3367] 인천 남동 1... 미발견
[1722/3367] 인천 부평 1... 지원정지구역
[1723/3367] 인천 미추홀 1... 지원정지구역
[1724/3367] 인천 계양 1... 지원정지구역
[1725/3367] 인천 미추홀 1... 지원정지구역
[1726/3367] 인천 미추홀 1... 지원정지구역
[1727/3367] 인천 계양 1... 지원정지구역
[1728/3367] 인천 미추홀 1... 지원정지구역
[1729/3367] 인천 미추홀 1... 지원정지구역
[1730/3367] 인천 미추홀 1... 지원정지구역
[1731/3367] 인천 미추홀 1... 지원정지구역
[1732/3367] 인천 미추홀 1... 지원정지구역
[1733/3367] 인천 미추홀 1... 지원정지구역
[1734/3367] 인천 미추홀 1... 지원정지구역
[1735/3367] 인천 미추홀 1... 지원정지구역
[1736/3367] 인천 미추홀 1... 지원정지구역
[1737/3367] 인천 미추홀 1... 지원정지구역
[1738/3367] 인천 미추홀 1... 지원정지구역
[1739/3367] 인천 부평 1... 지원정지구역
[1740/3367] 인천 부평 1... 지원정지구역
[1741/3367] 인천 부평 1... 지원정지구역
[1742/3367] 인천 미추홀 1... 지원정지구역
[1743/3367] 인천 미추홀 1... 지원정지구역
[1744/3367] 인천 미추홀 1... 지원정지구역
[1745/3367] 인천 미추홀 1... 지원정지구역
[1746/3367] 인천 남동 1... 미발견
[1747/3367] 인천 서 1... 미발견
[1748/3367] 인천 계양 1... 지원정지구역
[1749/3367] 인천 서 1... 미발견
[1750/3367] 인천 남동 1... 미발견
[1751/3367] 인천 연수 1... 미발견
[1752/3367] 인천 연수 1... 미발견
[1753/3367] 인천 남동 1... 미발견
[1754/3367] 인천 부평 1... 지원정지구역
[1755/3367] 인천 연수 1... 미발견
[1756/3367] 인천 서 1... 미발견
[1757/3367] 인천 서 1... 미발견
[1758/3367] 인천 부평 1... 지원정지구역
[1759/3367] 인천 부평 1... 지원정지구역
[1760/3367] 인천 연수 1... 미발견
[1761/3367] 인천 미추홀 1... 지원정지구역
[1762/3367] 인천 연수 1... 미발견
[1763/3367] 인천 미추홀 1... 지원정지구역
[1764/3367] 인천 부평 1... 지원정지구역
[1765/3367] 인천 서 1... 미발견
[1766/3367] 인천 연수 1... 미발견
[1767/3367] 인천 계양 1... 지원정지구역
[1768/3367] 인천 중 1... 미발견
[1769/3367] 인천 부평 1... 지원정지구역
[1770/3367] 인천 연수 1... 미발견
[1771/3367] 인천 서 1... 미발견
[1772/3367] 인천 미추홀 1... 지원정지구역
[1773/3367] 인천 계양 1... 지원정지구역
[1774/3367] 인천 연수 1... 미발견
[1775/3367] 인천 서 1... 미발견
[1776/3367] 인천 중 1... 미발견
[1777/3367] 인천 미추홀 1... 지원정지구역
[1778/3367] 인천 미추홀 1... 지원정지구역
[1779/3367] 인천 연수 1... 미발견
[1780/3367] 인천 중 1... 미발견
[1781/3367] 인천 남동 1... 미발견
[1782/3367] 인천 중 1... 미발견
[1783/3367] 인천 서 1... 미발견
[1784/3367] 인천 미추홀 1... 지원정지구역
[1785/3367] 인천 서 1... 미발견
[1786/3367] 인천 서 1... 미발견
[1787/3367] 인천 서 1... 미발견
[1788/3367] 인천 중 1... 미발견
[1789/3367] 인천 서 1... 미발견
[1790/3367] 인천 미추홀 1... 지원정지구역
[1791/3367] 강원 춘천 1... 지원정지구역
[1792/3367] 강원 횡성 1... 지원정지구역
[1793/3367] 강원 홍천 1... 지원정지구역
[1794/3367] 강원 삼척 1... 지원정지구역
[1795/3367] 강원 삼척 1... 지원정지구역
[1796/3367] 강원 강릉 1... 지원정지구역
[1797/3367] 강원 춘천 1... 지원정지구역
[1798/3367] 강원 양양 1... 지원정지구역
[1799/3367] 강원 양양 1... 지원정지구역
[1800/3367] 강원 춘천 1... 지원정지구역
[1801/3367] 강원 춘천 1... 지원정지구역
[1802/3367] 강원 속초 1... 지원정지구역
[1803/3367] 강원 춘천 1... 지원정지구역
[1804/3367] 강원 춘천 1... 지원정지구역
[1805/3367] 강원 춘천 1... 지원정지구역
[1806/3367] 강원 원주 1... 지원정지구역
[1807/3367] 강원 춘천 1... 지원정지구역
[1808/3367] 강원 춘천 1... 지원정지구역
[1809/3367] 강원 춘천 1... 지원정지구역
[1810/3367] 강원 춘천 1... 지원정지구역
[1811/3367] 강원 횡성 1... 지원정지구역
[1812/3367] 강원 속초 1... 지원정지구역
[1813/3367] 강원 속초 1... 지원정지구역
[1814/3367] 강원 강릉 1... 지원정지구역
[1815/3367] 강원 강릉 1... 지원정지구역
[1816/3367] 강원 동해 1... 지원정지구역
[1817/3367] 강원 춘천 1... 지원정지구역
[1818/3367] 강원 홍천 1... 지원정지구역
[1819/3367] 강원 원주 1... 지원정지구역
[1820/3367] 강원 원주 1... 지원정지구역
[1821/3367] 강원 강릉 1... 지원정지구역
[1822/3367] 강원 동해 1... 지원정지구역
[1823/3367] 강원 원주 1... 지원정지구역
[1824/3367] 강원 원주 1... 지원정지구역
[1825/3367] 강원 동해 1... 지원정지구역
[1826/3367] 강원 홍천 1... 지원정지구역
[1827/3367] 강원 원주 1... 지원정지구역
[1828/3367] 대구 수성 1... 미발견
[1829/3367] 강원 춘천 1... 지원정지구역
[1830/3367] 강원 춘천 1... 지원정지구역
[1831/3367] 강원 춘천 1... 지원정지구역
[1832/3367] 강원 동해 1... 지원정지구역
[1833/3367] 강원 춘천 1... 지원정지구역
[1834/3367] 강원 춘천 1... 지원정지구역
[1835/3367] 강원 춘천 1... 지원정지구역
[1836/3367] 강원 춘천 1... 지원정지구역
[1837/3367] 강원 원주 1... 지원정지구역
[1838/3367] 강원 원주 1... 지원정지구역
[1839/3367] 강원 원주 1... 지원정지구역
[1840/3367] 강원 원주 1... 지원정지구역
[1841/3367] 강원 춘천 1... 지원정지구역
[1842/3367] 강원 원주 1... 지원정지구역
[1843/3367] 강원 속초 1... 지원정지구역
[1844/3367] 강원 춘천 1... 지원정지구역
[1845/3367] 강원 속초 1... 지원정지구역
[1846/3367] 강원 강릉 1... 지원정지구역
[1847/3367] 강원 동해 1... 지원정지구역
[1848/3367] 강원 춘천 1... 지원정지구역
[1849/3367] 강원 강릉 1... 지원정지구역
[1850/3367] 강원 춘천 1... 지원정지구역
[1851/3367] 서울 강남 1... 미발견
[1852/3367] 강원 춘천 1... 지원정지구역
[1853/3367] 강원 속초 1... 지원정지구역
[1854/3367] 강원 속초 1... 지원정지구역
[1855/3367] 강원 강릉 1... 지원정지구역
[1856/3367] 강원 원주 1... 지원정지구역
[1857/3367] 강원 원주 1... 지원정지구역
[1858/3367] 강원 속초 1... 지원정지구역
[1859/3367] 강원 동해 1... 지원정지구역
[1860/3367] 강원 속초 1... 지원정지구역
[1861/3367] 강원 고성 1... 지원정지구역
[1862/3367] 강원 원주 1... 지원정지구역
[1863/3367] 강원 동해 1... 지원정지구역
[1864/3367] 강원 속초 1... 지원정지구역
[1865/3367] 강원 동해 1... 지원정지구역
[1866/3367] 강원 양양 1... 지원정지구역
[1867/3367] 강원 원주 1... 지원정지구역
[1868/3367] 강원 원주 1... 지원정지구역
[1869/3367] 강원 춘천 1... 지원정지구역
[1870/3367] 강원 원주 1... 지원정지구역
[1871/3367] 강원 원주 1... 지원정지구역
[1872/3367] 강원 춘천 1... 지원정지구역
[1873/3367] 강원 원주 1... 지원정지구역
[1874/3367] 강원 원주 1... 지원정지구역
[1875/3367] 강원 원주 1... 지원정지구역
[1876/3367] 강원 원주 1... 지원정지구역
[1877/3367] 강원 춘천 1... 지원정지구역
[1878/3367] 강원 강릉 1... 지원정지구역
[1879/3367] 강원 강릉 1... 지원정지구역
[1880/3367] 강원 원주 1... 지원정지구역
[1881/3367] 강원 춘천 1... 지원정지구역
[1882/3367] 강원 양양 1... 지원정지구역
[1883/3367] 강원 춘천 1... 지원정지구역
[1884/3367] 강원 원주 1... 지원정지구역
[1885/3367] 강원 속초 1... 지원정지구역
[1886/3367] 강원 속초 1... 지원정지구역
[1887/3367] 강원 춘천 1... 지원정지구역
[1888/3367] 강원 원주 1... 지원정지구역
[1889/3367] 강원 원주 1... 지원정지구역
[1890/3367] 강원 원주 1... 지원정지구역
[1891/3367] 강원 춘천 1... 지원정지구역
[1892/3367] 강원 강릉 1... 지원정지구역
[1893/3367] 강원 강릉 1... 지원정지구역
[1894/3367] 강원 속초 1... 지원정지구역
[1895/3367] 강원 속초 1... 지원정지구역
[1896/3367] 강원 양양 1... 지원정지구역
[1897/3367] 강원 원주 1... 지원정지구역
[1898/3367] 대전 유성 1... 지원정지구역
[1899/3367] 대전 중 1... 미발견
[1900/3367] 대전 중 1... 미발견
[1901/3367] 대전 유성 1... 지원정지구역
[1902/3367] 대전 중 1... 미발견
[1903/3367] 대전 중 1... 미발견
[1904/3367] 대전 유성 1... 지원정지구역
[1905/3367] 대전 유성 1... 지원정지구역
[1906/3367] 대전 대덕 1... 지원정지구역
[1907/3367] 대전 서 1... 미발견
[1908/3367] 대전 동 1... 지원정지구역
[1909/3367] 대전 서 1... 미발견
[1910/3367] 대전 동 1... 지원정지구역
[1911/3367] 대전 서 1... 미발견
[1912/3367] 대전 유성 1... 지원정지구역
[1913/3367] 대전 서 1... 미발견
[1914/3367] 대전 유성 1... 지원정지구역
[1915/3367] 대전 유성 1... 지원정지구역
[1916/3367] 대전 중 1... 미발견
[1917/3367] 대전 유성 1... 지원정지구역
[1918/3367] 대전 서 1... 미발견
[1919/3367] 대전 유성 1... 지원정지구역
[1920/3367] 대전 중 1... 미발견
[1921/3367] 대전 대덕 1... 지원정지구역
[1922/3367] 대전 동 1... 지원정지구역
[1923/3367] 대전 중 1... 미발견
[1924/3367] 대전 동 1... 지원정지구역
[1925/3367] 대전 중 1... 미발견
[1926/3367] 대전 유성 1... 지원정지구역
[1927/3367] 대전 서 1... 미발견
[1928/3367] 대전 유성 1... 지원정지구역
[1929/3367] 대전 중 1... 미발견
[1930/3367] 대전 동 1... 지원정지구역
[1931/3367] 대전 유성 1... 지원정지구역
[1932/3367] 대전 서 1... 미발견
[1933/3367] 대전 유성 1... 지원정지구역
[1934/3367] 대전 중 1... 미발견
[1935/3367] 대전 대덕 1... 지원정지구역
[1936/3367] 대전 대덕 1... 지원정지구역
[1937/3367] 대전 유성 1... 지원정지구역
[1938/3367] 대전 중 1... 미발견
[1939/3367] 대전 서 1... 미발견
[1940/3367] 대전 유성 1... 지원정지구역
[1941/3367] 대전 서 1... 미발견
[1942/3367] 대전 서 1... 미발견
[1943/3367] 대전 서 1... 미발견
[1944/3367] 대전 유성 1... 지원정지구역
[1945/3367] 대전 유성 1... 지원정지구역
[1946/3367] 대전 서 1... 미발견
[1947/3367] 대전 중 1... 미발견
[1948/3367] 대전 유성 1... 지원정지구역
[1949/3367] 대전 유성 1... 지원정지구역
[1950/3367] 대전 중 1... 미발견
[1951/3367] 대전 서 1... 미발견
[1952/3367] 대전 중 1... 미발견
[1953/3367] 대전 동 1... 지원정지구역
[1954/3367] 대전 서 1... 미발견
[1955/3367] 대전 유성 1... 지원정지구역
[1956/3367] 대전 동 1... 지원정지구역
[1957/3367] 대전 유성 1... 지원정지구역
[1958/3367] 대전 유성 1... 지원정지구역
[1959/3367] 대전 중 1... 미발견
[1960/3367] 대전 유성 1... 지원정지구역
[1961/3367] 대전 대덕 1... 지원정지구역
[1962/3367] 대전 유성 1... 지원정지구역
[1963/3367] 대전 대덕 1... 지원정지구역
[1964/3367] 대전 서 1... 미발견
[1965/3367] 대전 유성 1... 지원정지구역
[1966/3367] 대전 서 1... 미발견
[1967/3367] 대전 서 1... 미발견
[1968/3367] 대전 서 1... 미발견
[1969/3367] 대전 서 1... 미발견
[1970/3367] 대전 동 1... 지원정지구역
[1971/3367] 대전 대덕 1... 지원정지구역
[1972/3367] 대전 서 1... 미발견
[1973/3367] 대전 대덕 1... 지원정지구역
[1974/3367] 대전 서 1... 미발견
[1975/3367] 대전 대덕 1... 지원정지구역
[1976/3367] 대전 서 1... 미발견
[1977/3367] 대전 서 1... 미발견
[1978/3367] 대전 서 1... 미발견
[1979/3367] 대전 서 1... 미발견
[1980/3367] 대전 서 1... 미발견
[1981/3367] 대전 유성 1... 지원정지구역
[1982/3367] 대전 서 1... 미발견
[1983/3367] 대전 유성 1... 지원정지구역
[1984/3367] 대전 서 1... 미발견
[1985/3367] 대전 유성 1... 지원정지구역
[1986/3367] 대전 서 1... 미발견
[1987/3367] 대전 유성 1... 지원정지구역
[1988/3367] 대전 유성 1... 지원정지구역
[1989/3367] 대전 대덕 1... 지원정지구역
[1990/3367] 대전 서 1... 미발견
[1991/3367] 대전 서 1... 미발견
[1992/3367] 대전 유성 1... 지원정지구역
[1993/3367] 대전 유성 1... 지원정지구역
[1994/3367] 세종 세종 1... 지원정지구역
[1995/3367] 세종 세종 1... 지원정지구역
[1996/3367] 세종 세종 1... 지원정지구역
[1997/3367] 세종 세종 1... 지원정지구역
[1998/3367] 세종 세종 1... 지원정지구역
[1999/3367] 세종 세종 1... 지원정지구역
[2000/3367] 세종 세종 1... 지원정지구역
[2001/3367] 세종 세종 1... 지원정지구역
[2002/3367] 세종 세종 1... 지원정지구역
[2003/3367] 세종 세종 1... 지원정지구역
[2004/3367] 세종 세종 1... 지원정지구역
[2005/3367] 세종 세종 1... 지원정지구역
[2006/3367] 세종 세종 1... 지원정지구역
[2007/3367] 세종 집현 1... 지원정지구역
[2008/3367] 세종 고운 1... 지원정지구역
[2009/3367] 세종 세종 1... 지원정지구역
[2010/3367] 세종 어진 1... 지원정지구역
[2011/3367] 세종 중촌 1... 지원정지구역
[2012/3367] 세종 달빛1 1... 지원정지구역
[2013/3367] 세종 새롬 1... 지원정지구역
[2014/3367] 세종 집현 1... 지원정지구역
[2015/3367] 세종 고운 1... 지원정지구역
[2016/3367] 세종 노을1 1... 지원정지구역
[2017/3367] 세종 세종 1... 지원정지구역
[2018/3367] 세종 세종 1... 지원정지구역
[2019/3367] 세종 한솔 1... 지원정지구역
[2020/3367] 세종 한솔 1... 지원정지구역
[2021/3367] 세종 세종 1... 지원정지구역
[2022/3367] 세종 세종 1... 지원정지구역
[2023/3367] 세종 세종 1... 지원정지구역
[2024/3367] 세종 세종 1... 지원정지구역
[2025/3367] 세종 세종 1... 지원정지구역
[2026/3367] 세종 세종 1... 지원정지구역
[2027/3367] 세종 세종 1... 지원정지구역
[2028/3367] 세종 세종 1... 지원정지구역
[2029/3367] 세종 세종 1... 지원정지구역
[2030/3367] 세종 세종 1... 지원정지구역
[2031/3367] 세종 세종 1... 지원정지구역
[2032/3367] 세종 세종 1... 지원정지구역
[2033/3367] 세종 세종 1... 지원정지구역
[2034/3367] 세종 세종 1... 지원정지구역
[2035/3367] 세종 세종 1... 지원정지구역
[2036/3367] 세종 세종 1... 지원정지구역
[2037/3367] 세종 세종 1... 지원정지구역
[2038/3367] 세종 세종 1... 지원정지구역
[2039/3367] 세종 세종 1... 지원정지구역
[2040/3367] 세종 세종 1... 지원정지구역
[2041/3367] 세종 세종 1... 지원정지구역
[2042/3367] 세종 세종 1... 지원정지구역
[2043/3367] 세종 세종 1... 지원정지구역
[2044/3367] 세종 세종 1... 지원정지구역
[2045/3367] 세종 세종 1... 지원정지구역
[2046/3367] 세종 세종 1... 지원정지구역
[2047/3367] 세종 세종 1... 지원정지구역
[2048/3367] 세종 세종 1... 지원정지구역
[2049/3367] 세종 세종 1... 지원정지구역
[2050/3367] 세종 세종 1... 지원정지구역
[2051/3367] 세종 세종 1... 지원정지구역
[2052/3367] 세종 세종 1... 지원정지구역
[2053/3367] 세종 세종 1... 지원정지구역
[2054/3367] 세종 세종 1... 지원정지구역
[2055/3367] 세종 세종 1... 지원정지구역
[2056/3367] 세종 세종 1... 지원정지구역
[2057/3367] 세종 세종 1... 지원정지구역
[2058/3367] 세종 세종 1... 지원정지구역
[2059/3367] 세종 세종 1... 지원정지구역
[2060/3367] 세종 세종 1... 지원정지구역
[2061/3367] 세종 세종 1... 지원정지구역
[2062/3367] 세종 세종 1... 지원정지구역
[2063/3367] 세종 세종 1... 지원정지구역
[2064/3367] 세종 세종 1... 지원정지구역
[2065/3367] 세종 세종 1... 지원정지구역
[2066/3367] 세종 세종 1... 지원정지구역
[2067/3367] 세종 세종 1... 지원정지구역
[2068/3367] 세종 세종 1... 지원정지구역
[2069/3367] 세종 세종 1... 지원정지구역
[2070/3367] 세종 세종 1... 지원정지구역
[2071/3367] 세종 세종 1... 지원정지구역
[2072/3367] 세종 세종 1... 지원정지구역
[2073/3367] 세종 세종 1... 지원정지구역
[2074/3367] 충남 천안 1... 지원정지구역
[2075/3367] 충남 천안 1... 지원정지구역
[2076/3367] 충남 천안 1... 지원정지구역
[2077/3367] 충남 천안 1... 지원정지구역
[2078/3367] 충남 부여 1... 지원정지구역
[2079/3367] 충남 서산 1... 지원정지구역
[2080/3367] 충남 천안 1... 지원정지구역
[2081/3367] 충남 아산 1... 지원정지구역
[2082/3367] 충남 천안 1... 지원정지구역
[2083/3367] 충남 부여 1... 지원정지구역
[2084/3367] 충남 아산 1... 지원정지구역
[2085/3367] 충남 아산 1... 지원정지구역
[2086/3367] 충남 아산 1... 지원정지구역
[2087/3367] 충남 아산 1... 지원정지구역
[2088/3367] 충남 아산 1... 지원정지구역
[2089/3367] 충남 천안 1... 지원정지구역
[2090/3367] 충남 천안 1... 지원정지구역
[2091/3367] 충남 천안 1... 지원정지구역
[2092/3367] 충남 천안 1... 지원정지구역
[2093/3367] 충남 천안 1... 지원정지구역
[2094/3367] 충남 천안 1... 지원정지구역
[2095/3367] 충남 아산 1... 지원정지구역
[2096/3367] 충남 천안 1... 지원정지구역
[2097/3367] 충남 천안 1... 지원정지구역
[2098/3367] 충남 천안 1... 지원정지구역
[2099/3367] 충남 천안 1... 지원정지구역
[2100/3367] 충남 천안 1... 지원정지구역
[2101/3367] 충남 천안 1... 지원정지구역
[2102/3367] 충남 천안 1... 지원정지구역
[2103/3367] 충남 아산 1... 지원정지구역
[2104/3367] 충남 천안 1... 지원정지구역
[2105/3367] 충남 천안 1... 지원정지구역
[2106/3367] 충남 아산 1... 지원정지구역
[2107/3367] 충남 아산 1... 지원정지구역
[2108/3367] 충남 천안 1... 지원정지구역
[2109/3367] 충남 천안 1... 지원정지구역
[2110/3367] 충남 계룡 1... 지원정지구역
[2111/3367] 충남 홍성 1... 지원정지구역
[2112/3367] 충남 아산 1... 지원정지구역
[2113/3367] 충남 아산 1... 지원정지구역
[2114/3367] 충남 아산 1... 지원정지구역
[2115/3367] 충남 아산 1... 지원정지구역
[2116/3367] 충남 천안 1... 지원정지구역
[2117/3367] 충남 천안 1... 지원정지구역
[2118/3367] 충남 아산 1... 지원정지구역
[2119/3367] 충남 천안 1... 지원정지구역
[2120/3367] 충남 아산 1... 지원정지구역
[2121/3367] 충남 천안 1... 지원정지구역
[2122/3367] 충남 천안 1... 지원정지구역
[2123/3367] 충남 아산 1... 지원정지구역
[2124/3367] 충남 천안 1... 지원정지구역
[2125/3367] 충남 천안 1... 지원정지구역
[2126/3367] 충남 천안 1... 지원정지구역
[2127/3367] 충남 아산 1... 지원정지구역
[2128/3367] 충남 천안 1... 지원정지구역
[2129/3367] 충남 아산 1... 지원정지구역
[2130/3367] 충남 아산 1... 지원정지구역
[2131/3367] 충남 아산 1... 지원정지구역
[2132/3367] 충남 아산 1... 지원정지구역
[2133/3367] 충남 천안 1... 지원정지구역
[2134/3367] 충남 천안 1... 지원정지구역
[2135/3367] 충남 천안 1... 지원정지구역
[2136/3367] 충남 천안 1... 지원정지구역
[2137/3367] 충남 천안 1... 지원정지구역
[2138/3367] 충남 아산 1... 지원정지구역
[2139/3367] 충남 보령 1... 지원정지구역
[2140/3367] 충남 천안 1... 지원정지구역
[2141/3367] 충남 천안 1... 지원정지구역
[2142/3367] 충남 천안 1... 지원정지구역
[2143/3367] 충남 천안 1... 지원정지구역
[2144/3367] 충남 천안 1... 지원정지구역
[2145/3367] 충남 천안 1... 지원정지구역
[2146/3367] 충남 아산 1... 지원정지구역
[2147/3367] 충남 천안 1... 지원정지구역
[2148/3367] 충남 천안 1... 지원정지구역
[2149/3367] 충남 아산 1... 지원정지구역
[2150/3367] 충남 천안 1... 지원정지구역
[2151/3367] 충남 아산 1... 지원정지구역
[2152/3367] 충남 천안 1... 지원정지구역
[2153/3367] 충남 천안 1... 지원정지구역
[2154/3367] 충남 아산 1... 지원정지구역
[2155/3367] 충남 천안 1... 지원정지구역
[2156/3367] 충남 천안 1... 지원정지구역
[2157/3367] 충남 천안 1... 지원정지구역
[2158/3367] 충남 천안 1... 지원정지구역
[2159/3367] 충남 천안 1... 지원정지구역
[2160/3367] 충남 천안 1... 지원정지구역
[2161/3367] 충남 천안 1... 지원정지구역
[2162/3367] 충남 천안 1... 지원정지구역
[2163/3367] 충남 아산 1... 지원정지구역
[2164/3367] 충남 아산 1... 지원정지구역
[2165/3367] 충남 천안 1... 지원정지구역
[2166/3367] 충남 천안 1... 지원정지구역
[2167/3367] 충남 천안 1... 지원정지구역
[2168/3367] 충남 보령 1... 지원정지구역
[2169/3367] 충남 아산 1... 지원정지구역
[2170/3367] 충남 천안 1... 지원정지구역
[2171/3367] 충남 천안 1... 지원정지구역
[2172/3367] 충남 천안 1... 지원정지구역
[2173/3367] 충남 아산 1... 지원정지구역
[2174/3367] 충남 천안 1... 지원정지구역
[2175/3367] 충남 천안 1... 지원정지구역
[2176/3367] 충남 아산 1... 지원정지구역
[2177/3367] 충남 보령 1... 지원정지구역
[2178/3367] 충남 천안 1... 지원정지구역
[2179/3367] 충남 아산 1... 지원정지구역
[2180/3367] 충남 천안 1... 지원정지구역
[2181/3367] 충남 천안 1... 지원정지구역
[2182/3367] 충남 천안 1... 지원정지구역
[2183/3367] 충남 천안 1... 지원정지구역
[2184/3367] 충남 천안 1... 지원정지구역
[2185/3367] 충남 천안 1... 지원정지구역
[2186/3367] 충남 아산 1... 지원정지구역
[2187/3367] 충남 천안 1... 지원정지구역
[2188/3367] 충남 천안 1... 지원정지구역
[2189/3367] 충남 천안 1... 지원정지구역
[2190/3367] 충남 아산 1... 지원정지구역
[2191/3367] 충남 아산 1... 지원정지구역
[2192/3367] 충남 천안 1... 지원정지구역
[2193/3367] 충남 천안 1... 지원정지구역
[2194/3367] 충남 천안 1... 지원정지구역
[2195/3367] 충남 천안 1... 지원정지구역
[2196/3367] 충남 천안 1... 지원정지구역
[2197/3367] 충남 천안 1... 지원정지구역
[2198/3367] 충남 천안 1... 지원정지구역
[2199/3367] 충남 천안 1... 지원정지구역
[2200/3367] 충남 천안 1... 지원정지구역
[2201/3367] 충남 천안 1... 지원정지구역
[2202/3367] 충남 천안 1... 지원정지구역
[2203/3367] 충남 천안 1... 지원정지구역
[2204/3367] 충남 천안 1... 지원정지구역
[2205/3367] 충남 아산 1... 지원정지구역
[2206/3367] 충남 아산 1... 지원정지구역
[2207/3367] 충남 아산 1... 지원정지구역
[2208/3367] 충남 아산 1... 지원정지구역
[2209/3367] 충남 아산 1... 지원정지구역
[2210/3367] 충남 보령 1... 지원정지구역
[2211/3367] 충남 보령 1... 지원정지구역
[2212/3367] 충남 천안 1... 지원정지구역
[2213/3367] 충남 아산 1... 지원정지구역
[2214/3367] 충남 홍성 1... 지원정지구역
[2215/3367] 충북 청주 1... 지원정지구역
[2216/3367] 충북 청주 1... 지원정지구역
[2217/3367] 충북 충주 1... 지원정지구역
[2218/3367] 충북 충주 1... 지원정지구역
[2219/3367] 충북 청주 1... 지원정지구역
[2220/3367] 충북 음성 1... 지원정지구역
[2221/3367] 충북 청주 1... 지원정지구역
[2222/3367] 충북 청주 1... 지원정지구역
[2223/3367] 충북 청주 1... 지원정지구역
[2224/3367] 충북 청주 1... 지원정지구역
[2225/3367] 충북 청주 1... 지원정지구역
[2226/3367] 충북 청주 1... 지원정지구역
[2227/3367] 충북 청주 1... 지원정지구역
[2228/3367] 충북 청주 1... 지원정지구역
[2229/3367] 충북 청주 1... 지원정지구역
[2230/3367] 충북 청주 1... 지원정지구역
[2231/3367] 충북 청주 1... 지원정지구역
[2232/3367] 충북 청주 1... 지원정지구역
[2233/3367] 충북 증평 1... 지원정지구역
[2234/3367] 충북 청주 1... 지원정지구역
[2235/3367] 충북 진천 1... 지원정지구역
[2236/3367] 충북 진천 1... 지원정지구역
[2237/3367] 충북 음성 1... 지원정지구역
[2238/3367] 충북 충주 1... 지원정지구역
[2239/3367] 충북 진천 1... 지원정지구역
[2240/3367] 충북 음성 1... 지원정지구역
[2241/3367] 충북 진천 1... 지원정지구역
[2242/3367] 충북 청주 1... 지원정지구역
[2243/3367] 충북 청주 1... 지원정지구역
[2244/3367] 충북 음성 1... 지원정지구역
[2245/3367] 충북 진천 1... 지원정지구역
[2246/3367] 충북 진천 1... 지원정지구역
[2247/3367] 충북 청주 1... 지원정지구역
[2248/3367] 충북 청주 1... 지원정지구역
[2249/3367] 충북 청주 1... 지원정지구역
[2250/3367] 충북 청주 1... 지원정지구역
[2251/3367] 충북 청주 1... 지원정지구역
[2252/3367] 충북 충주 1... 지원정지구역
[2253/3367] 충북 청주 1... 지원정지구역
[2254/3367] 충북 진천 1... 지원정지구역
[2255/3367] 충북 진천 1... 지원정지구역
[2256/3367] 충북 청주 1... 지원정지구역
[2257/3367] 충북 음성 1... 지원정지구역
[2258/3367] 충북 청주 1... 지원정지구역
[2259/3367] 충북 진천 1... 지원정지구역
[2260/3367] 충북 청주 1... 지원정지구역
[2261/3367] 충북 청주 1... 지원정지구역
[2262/3367] 충북 청주 1... 지원정지구역
[2263/3367] 충북 청주 1... 지원정지구역
[2264/3367] 충북 충주 1... 지원정지구역
[2265/3367] 충북 충주 1... 지원정지구역
[2266/3367] 충북 충주 1... 지원정지구역
[2267/3367] 충북 충주 1... 지원정지구역
[2268/3367] 충북 충주 1... 지원정지구역
[2269/3367] 충북 제천 1... 지원정지구역
[2270/3367] 충북 청주 1... 지원정지구역
[2271/3367] 충북 청주 1... 지원정지구역
[2272/3367] 충북 청주 1... 지원정지구역
[2273/3367] 충북 청주 1... 지원정지구역
[2274/3367] 충북 청주 1... 지원정지구역
[2275/3367] 충북 청주 1... 지원정지구역
[2276/3367] 충북 청주 1... 지원정지구역
[2277/3367] 충북 청주 1... 지원정지구역
[2278/3367] 충북 청주 1... 지원정지구역
[2279/3367] 충북 청주 1... 지원정지구역
[2280/3367] 충북 충주 1... 지원정지구역
[2281/3367] 충북 청주 1... 지원정지구역
[2282/3367] 충북 청주 1... 지원정지구역
[2283/3367] 충북 청주 1... 지원정지구역
[2284/3367] 충북 청주 1... 지원정지구역
[2285/3367] 충북 청주 1... 지원정지구역
[2286/3367] 충북 청주 1... 지원정지구역
[2287/3367] 충북 청주 1... 지원정지구역
[2288/3367] 충북 청주 1... 지원정지구역
[2289/3367] 충북 청주 1... 지원정지구역
[2290/3367] 충북 청주 1... 지원정지구역
[2291/3367] 충북 청주 1... 지원정지구역
[2292/3367] 충북 청주 1... 지원정지구역
[2293/3367] 충북 청주 1... 지원정지구역
[2294/3367] 충북 청주 1... 지원정지구역
[2295/3367] 충북 청주 1... 지원정지구역
[2296/3367] 충북 청주 1... 지원정지구역
[2297/3367] 충북 청주 1... 지원정지구역
[2298/3367] 충북 청주 1... 지원정지구역
[2299/3367] 충북 충주 1... 지원정지구역
[2300/3367] 충북 청주 1... 지원정지구역
[2301/3367] 충북 청주 1... 지원정지구역
[2302/3367] 충북 충주 1... 지원정지구역
[2303/3367] 충북 청주 1... 지원정지구역
[2304/3367] 충북 청주 1... 지원정지구역
[2305/3367] 충북 청주 1... 지원정지구역
[2306/3367] 충북 청주 1... 지원정지구역
[2307/3367] 충북 청주 1... 지원정지구역
[2308/3367] 충북 청주 1... 지원정지구역
[2309/3367] 충북 청주 1... 지원정지구역
[2310/3367] 충북 청주 1... 지원정지구역
[2311/3367] 충북 청주 1... 지원정지구역
[2312/3367] 충북 청주 1... 지원정지구역
[2313/3367] 충북 청주 1... 지원정지구역
[2314/3367] 광주 북 1... 지원정지구역
[2315/3367] 광주 북 1... 지원정지구역
[2316/3367] 광주 광산 1... 지원정지구역
[2317/3367] 광주 동 1... 지원정지구역
[2318/3367] 광주 광산 1... 지원정지구역
[2319/3367] 광주 남 1... 미발견
[2320/3367] 광주 광산 1... 지원정지구역
[2321/3367] 광주 북 1... 지원정지구역
[2322/3367] 광주 동 1... 지원정지구역
[2323/3367] 광주 서 1... 미발견
[2324/3367] 광주 서 1... 미발견
[2325/3367] 광주 서 1... 미발견
[2326/3367] 광주 북 1... 지원정지구역
[2327/3367] 광주 남 1... 미발견
[2328/3367] 광주 북 1... 지원정지구역
[2329/3367] 광주 동 1... 지원정지구역
[2330/3367] 광주 서 1... 미발견
[2331/3367] 광주 남 1... 미발견
[2332/3367] 광주 남 1... 미발견
[2333/3367] 광주 남 1... 미발견
[2334/3367] 광주 서 1... 미발견
[2335/3367] 전남 목포 1... 지원정지구역
[2336/3367] 전남 순천 1... 지원정지구역
[2337/3367] 전남 목포 1... 지원정지구역
[2338/3367] 전남 목포 1... 지원정지구역
[2339/3367] 전남 무안 1... 지원정지구역
[2340/3367] 전북 전주 1... 지원정지구역
[2341/3367] 전북 전주 1... 지원정지구역
[2342/3367] 전북 전주 1... 지원정지구역
[2343/3367] 전북 전주 1... 지원정지구역
[2344/3367] 전북 전주 1... 지원정지구역
[2345/3367] 전북 군산 1... 지원정지구역
[2346/3367] 전북 전주 1... 지원정지구역
[2347/3367] 전북 전주 1... 지원정지구역
[2348/3367] 전북 전주 1... 지원정지구역
[2349/3367] 전북 전주 1... 지원정지구역
[2350/3367] 전북 전주 1... 지원정지구역
[2351/3367] 전북 전주 1... 지원정지구역
[2352/3367] 전북 군산 1... 지원정지구역
[2353/3367] 전북 전주 1... 지원정지구역
[2354/3367] 전북 군산 1... 지원정지구역
[2355/3367] 전북 전주 1... 지원정지구역
[2356/3367] 전북 완주 1... 지원정지구역
[2357/3367] 전북 전주 1... 지원정지구역
[2358/3367] 전북 진안 1... 지원정지구역
[2359/3367] 전북 군산 1... 지원정지구역
[2360/3367] 전북 완주 1... 지원정지구역
[2361/3367] 전북 군산 1... 지원정지구역
[2362/3367] 전북 전주 1... 지원정지구역
[2363/3367] 전북 익산 1... 지원정지구역
[2364/3367] 전북 전주 1... 지원정지구역
[2365/3367] 전북 전주 1... 지원정지구역
[2366/3367] 전북 김제 1... 지원정지구역
[2367/3367] 전북 전주 1... 지원정지구역
[2368/3367] 전북 전주 1... 지원정지구역
[2369/3367] 전북 전주 1... 지원정지구역
[2370/3367] 전북 전주 1... 지원정지구역
[2371/3367] 전북 전주 1... 지원정지구역
[2372/3367] 전북 전주 1... 지원정지구역
[2373/3367] 전북 전주 1... 지원정지구역
[2374/3367] 전북 전주 1... 지원정지구역
[2375/3367] 전북 전주 1... 지원정지구역
[2376/3367] 전북 전주 1... 지원정지구역
[2377/3367] 전북 전주 1... 지원정지구역
[2378/3367] 전북 전주 1... 지원정지구역
[2379/3367] 전북 전주 1... 지원정지구역
[2380/3367] 전북 전주 1... 지원정지구역
[2381/3367] 전북 전주 1... 지원정지구역
[2382/3367] 전북 익산 1... 지원정지구역
[2383/3367] 전북 전주 1... 지원정지구역
[2384/3367] 전북 전주 1... 지원정지구역
[2385/3367] 전북 전주 1... 지원정지구역
[2386/3367] 전북 전주 1... 지원정지구역
[2387/3367] 전북 전주 1... 지원정지구역
[2388/3367] 전북 전주 1... 지원정지구역
[2389/3367] 전북 전주 1... 지원정지구역
[2390/3367] 전북 전주 1... 지원정지구역
[2391/3367] 전북 전주 1... 지원정지구역
[2392/3367] 전북 익산 1... 지원정지구역
[2393/3367] 전북 익산 1... 지원정지구역
[2394/3367] 전북 전주 1... 지원정지구역
[2395/3367] 전북 전주 1... 지원정지구역
[2396/3367] 전북 익산 1... 지원정지구역
[2397/3367] 전북 전주 1... 지원정지구역
[2398/3367] 전북 전주 1... 지원정지구역
[2399/3367] 전북 전주 1... 지원정지구역
[2400/3367] 전북 전주 1... 지원정지구역
[2401/3367] 전북 전주 1... 지원정지구역
[2402/3367] 전북 전주 1... 지원정지구역
[2403/3367] 전북 완주 1... 지원정지구역
[2404/3367] 전북 전주 1... 지원정지구역
[2405/3367] 전북 전주 1... 지원정지구역
[2406/3367] 전북 전주 1... 지원정지구역
[2407/3367] 전북 전주 1... 지원정지구역
[2408/3367] 전북 전주 1... 지원정지구역
[2409/3367] 전북 익산 1... 지원정지구역
[2410/3367] 전북 군산 1... 지원정지구역
[2411/3367] 전북 군산 1... 지원정지구역
[2412/3367] 전북 전주 1... 지원정지구역
[2413/3367] 전북 전주 1... 지원정지구역
[2414/3367] 전북 군산 1... 지원정지구역
[2415/3367] 전북 군산 1... 지원정지구역
[2416/3367] 전북 군산 1... 지원정지구역
[2417/3367] 전북 전주 1... 지원정지구역
[2418/3367] 전북 전주 1... 지원정지구역
[2419/3367] 전북 군산 1... 지원정지구역
[2420/3367] 전북 완주 1... 지원정지구역
[2421/3367] 전북 군산 1... 지원정지구역
[2422/3367] 전북 군산 1... 지원정지구역
[2423/3367] 전북 군산 1... 지원정지구역
[2424/3367] 전북 익산 1... 지원정지구역
[2425/3367] 전북 군산 1... 지원정지구역
[2426/3367] 전북 군산 1... 지원정지구역
[2427/3367] 전북 완주 1... 지원정지구역
[2428/3367] 전북 익산 1... 지원정지구역
[2429/3367] 전북 완주 1... 지원정지구역
[2430/3367] 전북 익산 1... 지원정지구역
[2431/3367] 전북 익산 1... 지원정지구역
[2432/3367] 전북 군산 1... 지원정지구역
[2433/3367] 전북 익산 1... 지원정지구역
[2434/3367] 전북 전주 1... 지원정지구역
[2435/3367] 전북 익산 1... 지원정지구역
[2436/3367] 전북 전주 1... 지원정지구역
[2437/3367] 전북 익산 1... 지원정지구역
[2438/3367] 전북 익산 1... 지원정지구역
[2439/3367] 전북 익산 1... 지원정지구역
[2440/3367] 전북 익산 1... 지원정지구역
[2441/3367] 전북 익산 1... 지원정지구역
[2442/3367] 전북 익산 1... 지원정지구역
[2443/3367] 전북 익산 1... 지원정지구역
[2444/3367] 전북 익산 1... 지원정지구역
[2445/3367] 전북 익산 1... 지원정지구역
[2446/3367] 전북 익산 1... 지원정지구역
[2447/3367] 전북 익산 1... 지원정지구역
[2448/3367] 전북 전주 1... 지원정지구역
[2449/3367] 전북 군산 1... 지원정지구역
[2450/3367] 전북 군산 1... 지원정지구역
[2451/3367] 전북 군산 1... 지원정지구역
[2452/3367] 전북 군산 1... 지원정지구역
[2453/3367] 전북 전주 1... 지원정지구역
[2454/3367] 경기 용인 1... 미발견
[2455/3367] 전북 군산 1... 지원정지구역
[2456/3367] 전북 군산 1... 지원정지구역
[2457/3367] 전북 군산 1... 지원정지구역
[2458/3367] 전북 완주 1... 지원정지구역
[2459/3367] 전북 군산 1... 지원정지구역
[2460/3367] 전북 완주 1... 지원정지구역
[2461/3367] 전북 군산 1... 지원정지구역
[2462/3367] 전북 군산 1... 지원정지구역
[2463/3367] 전북 전주 1... 지원정지구역
[2464/3367] 전북 전주 1... 지원정지구역
[2465/3367] 전북 군산 1... 지원정지구역
[2466/3367] 전북 전주 1... 지원정지구역
[2467/3367] 전북 전주 1... 지원정지구역
[2468/3367] 전북 군산 1... 지원정지구역
[2469/3367] 전북 완주 1... 지원정지구역
[2470/3367] 전북 완주 1... 지원정지구역
[2471/3367] 대구 수성 1... 미발견
[2472/3367] 대구 북 1... 지원정지구역
[2473/3367] 대구 달서 1... 미발견
[2474/3367] 대구 달서 1... 미발견
[2475/3367] 대구 수성 1... 미발견
[2476/3367] 대구 수성 1... 미발견
[2477/3367] 대구 수성 1... 미발견
[2478/3367] 대구 수성 1... 미발견
[2479/3367] 대구 달서 1... 미발견
[2480/3367] 대구 수성 1... 미발견
[2481/3367] 대구 수성 1... 미발견
[2482/3367] 강원 춘천 1... 지원정지구역
[2483/3367] 대구 달서 1... 미발견
[2484/3367] 대구 달서 1... 미발견
[2485/3367] 대구 수성 1... 미발견
[2486/3367] 대구 달서 1... 미발견
[2487/3367] 대구 수성 1... 미발견
[2488/3367] 대구 달서 1... 미발견
[2489/3367] 대구 달서 1... 미발견
[2490/3367] 대구 북 1... 지원정지구역
[2491/3367] 대구 달성 1... 지원정지구역
[2492/3367] 대구 동 1... 지원정지구역
[2493/3367] 대구 수성 1... 미발견
[2494/3367] 대구 수성 1... 미발견
[2495/3367] 대구 수성 1... 미발견
[2496/3367] 대구 동 1... 지원정지구역
[2497/3367] 대구 동 1... 지원정지구역
[2498/3367] 대구 달서 1... 미발견
[2499/3367] 대구 수성 1... 미발견
[2500/3367] 대구 북 1... 지원정지구역
[2501/3367] 대구 달서 1... 미발견
[2502/3367] 대구 달서 1... 미발견
[2503/3367] 대구 수성 1... 미발견
[2504/3367] 대구 달서 1... 미발견
[2505/3367] 대구 수성 1... 미발견
[2506/3367] 대구 달서 1... 미발견
[2507/3367] 대구 수성 1... 미발견
[2508/3367] 대구 달서 1... 미발견
[2509/3367] 대구 중 1... 미발견
[2510/3367] 대구 북 1... 지원정지구역
[2511/3367] 대구 수성 1... 미발견
[2512/3367] 대구 북 1... 지원정지구역
[2513/3367] 대구 동 1... 지원정지구역
[2514/3367] 대구 수성 1... 미발견
[2515/3367] 대구 수성 1... 미발견
[2516/3367] 대구 달서 1... 미발견
[2517/3367] 대구 달서 1... 미발견
[2518/3367] 대구 달서 1... 미발견
[2519/3367] 대구 달서 1... 미발견
[2520/3367] 대구 수성 1... 미발견
[2521/3367] 대구 달서 1... 미발견
[2522/3367] 대구 수성 1... 미발견
[2523/3367] 대구 달서 1... 미발견
[2524/3367] 대구 달서 1... 미발견
[2525/3367] 대구 동 1... 지원정지구역
[2526/3367] 대구 동 1... 지원정지구역
[2527/3367] 대구 수성 1... 미발견
[2528/3367] 대구 서 1... 미발견
[2529/3367] 대구 달성 1... 지원정지구역
[2530/3367] 대구 달서 1... 미발견
[2531/3367] 대구 달서 1... 미발견
[2532/3367] 대구 달성 1... 지원정지구역
[2533/3367] 대구 달서 1... 미발견
[2534/3367] 대구 달서 1... 미발견
[2535/3367] 대구 서 1... 미발견
[2536/3367] 대구 북 1... 지원정지구역
[2537/3367] 대구 중 1... 미발견
[2538/3367] 대구 달성 1... 지원정지구역
[2539/3367] 대구 수성 1... 미발견
[2540/3367] 대구 수성 1... 미발견
[2541/3367] 대구 동 1... 지원정지구역
[2542/3367] 대구 동 1... 지원정지구역
[2543/3367] 대구 북 1... 지원정지구역
[2544/3367] 대구 서 1... 미발견
[2545/3367] 대구 동 1... 지원정지구역
[2546/3367] 대구 달서 1... 미발견
[2547/3367] 대구 달서 1... 미발견
[2548/3367] 대구 수성 1... 미발견
[2549/3367] 대구 북 1... 지원정지구역
[2550/3367] 대구 달서 1... 미발견
[2551/3367] 대구 달서 1... 미발견
[2552/3367] 대구 달서 1... 미발견
[2553/3367] 대구 북 1... 지원정지구역
[2554/3367] 대구 남 1... 미발견
[2555/3367] 대구 동 1... 지원정지구역
[2556/3367] 대구 수성 1... 미발견
[2557/3367] 대구 달서 1... 미발견
[2558/3367] 대구 달성 1... 지원정지구역
[2559/3367] 대구 달성 1... 지원정지구역
[2560/3367] 대구 남 1... 미발견
[2561/3367] 대구 달서 1... 미발견
[2562/3367] 대구 수성 1... 미발견
[2563/3367] 대구 달서 1... 미발견
[2564/3367] 대구 수성 1... 미발견
[2565/3367] 대구 달성 1... 지원정지구역
[2566/3367] 대구 달성 1... 지원정지구역
[2567/3367] 대구 달성 1... 지원정지구역
[2568/3367] 대구 달성 1... 지원정지구역
[2569/3367] 대구 동 1... 지원정지구역
[2570/3367] 대구 동 1... 지원정지구역
[2571/3367] 대구 동 1... 지원정지구역
[2572/3367] 대구 북 1... 지원정지구역
[2573/3367] 대구 수성 1... 미발견
[2574/3367] 대구 달성 1... 지원정지구역
[2575/3367] 대구 달성 1... 지원정지구역
[2576/3367] 대구 달성 1... 지원정지구역
[2577/3367] 대구 달성 1... 지원정지구역
[2578/3367] 경기 부천 1... 미발견
[2579/3367] 대구 북 1... 지원정지구역
[2580/3367] 대구 동 1... 지원정지구역
[2581/3367] 대구 달성 1... 지원정지구역
[2582/3367] 대구 수성 1... 미발견
[2583/3367] 대구 달성 1... 지원정지구역
[2584/3367] 대구 수성 1... 미발견
[2585/3367] 대구 북 1... 지원정지구역
[2586/3367] 대구 중 1... 미발견
[2587/3367] 대구 달성 1... 지원정지구역
[2588/3367] 대구 수성 1... 미발견
[2589/3367] 대구 달성 1... 지원정지구역
[2590/3367] 대구 달성 1... 지원정지구역
[2591/3367] 대구 달서 1... 미발견
[2592/3367] 대구 북 1... 지원정지구역
[2593/3367] 대구 달서 1... 미발견
[2594/3367] 대구 달성 1... 지원정지구역
[2595/3367] 대구 동 1... 지원정지구역
[2596/3367] 대구 북 1... 지원정지구역
[2597/3367] 대구 중 1... 미발견
[2598/3367] 대구 달성 1... 지원정지구역
[2599/3367] 대구 수성 1... 미발견
[2600/3367] 대구 달서 1... 미발견
[2601/3367] 대구 달서 1... 미발견
[2602/3367] 대구 수성 1... 미발견
[2603/3367] 대구 수성 1... 미발견
[2604/3367] 대구 중 1... 미발견
[2605/3367] 대구 남 1... 미발견
[2606/3367] 대구 동 1... 지원정지구역
[2607/3367] 대구 달성 1... 지원정지구역
[2608/3367] 대구 동 1... 지원정지구역
[2609/3367] 대구 수성 1... 미발견
[2610/3367] 대구 북 1... 지원정지구역
[2611/3367] 대구 중 1... 미발견
[2612/3367] 대구 중 1... 미발견
[2613/3367] 대구 북 1... 지원정지구역
[2614/3367] 대구 달서 1... 미발견
[2615/3367] 대구 북 1... 지원정지구역
[2616/3367] 대구 북 1... 지원정지구역
[2617/3367] 대구 동 1... 지원정지구역
[2618/3367] 대구 수성 1... 미발견
[2619/3367] 대구 달서 1... 미발견
[2620/3367] 대구 북 1... 지원정지구역
[2621/3367] 대구 수성 1... 미발견
[2622/3367] 대구 동 1... 지원정지구역
[2623/3367] 대구 수성 1... 미발견
[2624/3367] 대구 수성 1... 미발견
[2625/3367] 대구 달서 1... 미발견
[2626/3367] 대구 중 1... 미발견
[2627/3367] 대구 달서 1... 미발견
[2628/3367] 대구 서 1... 미발견
[2629/3367] 대구 달서 1... 미발견
[2630/3367] 대구 중 1... 미발견
[2631/3367] 대구 북 1... 지원정지구역
[2632/3367] 대구 남 1... 미발견
[2633/3367] 대구 중 1... 미발견
[2634/3367] 대구 수성 1... 미발견
[2635/3367] 대구 - 1... 지원정지구역
[2636/3367] 대구 - 1... 지원정지구역
[2637/3367] 대구 - 1... 지원정지구역
[2638/3367] 대구 - 1... 지원정지구역
[2639/3367] 대구 북 1... 지원정지구역
[2640/3367] 대구 수성 1... 미발견
[2641/3367] 대구 동 1... 지원정지구역
[2642/3367] 대구 중 1... 미발견
[2643/3367] 대구 동 1... 지원정지구역
[2644/3367] 대구 달성 1... 지원정지구역
[2645/3367] 대구 달성 1... 지원정지구역
[2646/3367] 대구 중 1... 미발견
[2647/3367] 대구 남 1... 미발견
[2648/3367] 대구 동 1... 지원정지구역
[2649/3367] 대구 동 1... 지원정지구역
[2650/3367] 대구 수성 1... 미발견
[2651/3367] 대구 북 1... 지원정지구역
[2652/3367] 대구 달성 1... 지원정지구역
[2653/3367] 대구 달성 1... 지원정지구역
[2654/3367] 대구 동 1... 지원정지구역
[2655/3367] 대구 수성 1... 미발견
[2656/3367] 대구 달서 1... 미발견
[2657/3367] 대구 중 1... 미발견
[2658/3367] 대구 동 1... 지원정지구역
[2659/3367] 대구 수성 1... 미발견
[2660/3367] 대구 남 1... 미발견
[2661/3367] 대구 달서 1... 미발견
[2662/3367] 대구 남 1... 미발견
[2663/3367] 대구 수성 1... 미발견
[2664/3367] 대구 수성 1... 미발견
[2665/3367] 경기 용인 1... 미발견
[2666/3367] 대구 달서 1... 미발견
[2667/3367] 대구 달서 1... 미발견
[2668/3367] 대구 중 1... 미발견
[2669/3367] 대구 동 1... 지원정지구역
[2670/3367] 대구 동 1... 지원정지구역
[2671/3367] 대구 북 1... 지원정지구역
[2672/3367] 대구 달서 1... 미발견
[2673/3367] 대구 달서 1... 미발견
[2674/3367] 대구 동 1... 지원정지구역
[2675/3367] 대구 달성 1... 지원정지구역
[2676/3367] 대구 동 1... 지원정지구역
[2677/3367] 대구 달성 1... 지원정지구역
[2678/3367] 대구 수성 1... 미발견
[2679/3367] 대구 달서 1... 미발견
[2680/3367] 대구 동 1... 지원정지구역
[2681/3367] 대구 달성 1... 지원정지구역
[2682/3367] 대구 수성 1... 미발견
[2683/3367] 대구 동 1... 지원정지구역
[2684/3367] 대구 동 1... 지원정지구역
[2685/3367] 대구 수성 1... 미발견
[2686/3367] 대구 수성 1... 미발견
[2687/3367] 대구 북 1... 지원정지구역
[2688/3367] 대구 남 1... 미발견
[2689/3367] 대구 수성 1... 미발견
[2690/3367] 대구 동 1... 지원정지구역
[2691/3367] 대구 중 1... 미발견
[2692/3367] 대구 북 1... 지원정지구역
[2693/3367] 대구 달성 1... 지원정지구역
[2694/3367] 대구 달서 1... 미발견
[2695/3367] 대구 북 1... 지원정지구역
[2696/3367] 경북 구미 1... 지원정지구역
[2697/3367] 경북 구미 1... 지원정지구역
[2698/3367] 경북 구미 1... 지원정지구역
[2699/3367] 경북 구미 1... 지원정지구역
[2700/3367] 경북 구미 1... 지원정지구역
[2701/3367] 경북 구미 1... 지원정지구역
[2702/3367] 경북 경산 1... 지원정지구역
[2703/3367] 경북 경산 1... 지원정지구역
[2704/3367] 경북 김천 1... 지원정지구역
[2705/3367] 경북 영천 1... 지원정지구역
[2706/3367] 경북 문경 1... 지원정지구역
[2707/3367] 경북 영천 1... 지원정지구역
[2708/3367] 경북 포항 1... 지원정지구역
[2709/3367] 경북 김천 1... 지원정지구역
[2710/3367] 경북 경산 1... 지원정지구역
[2711/3367] 경북 경산 1... 지원정지구역
[2712/3367] 경북 구미 1... 지원정지구역
[2713/3367] 경북 칠곡 1... 지원정지구역
[2714/3367] 경북 경산 1... 지원정지구역
[2715/3367] 경북 경산 1... 지원정지구역
[2716/3367] 경북 경주 1... 지원정지구역
[2717/3367] 경북 경주 1... 지원정지구역
[2718/3367] 경북 포항 1... 지원정지구역
[2719/3367] 경북 구미 1... 지원정지구역
[2720/3367] 경북 경주 1... 지원정지구역
[2721/3367] 경북 경주 1... 지원정지구역
[2722/3367] 경북 영주 1... 지원정지구역
[2723/3367] 경북 칠곡 1... 지원정지구역
[2724/3367] 경북 경주 1... 지원정지구역
[2725/3367] 경북 경주 1... 지원정지구역
[2726/3367] 경북 예천 1... 지원정지구역
[2727/3367] 경북 경주 1... 지원정지구역
[2728/3367] 경북 경주 1... 지원정지구역
[2729/3367] 경북 안동 1... 지원정지구역
[2730/3367] 경북 경주 1... 지원정지구역
[2731/3367] 경북 안동 1... 지원정지구역
[2732/3367] 경북 경주 1... 지원정지구역
[2733/3367] 경북 경주 1... 지원정지구역
[2734/3367] 경북 칠곡 1... 지원정지구역
[2735/3367] 경북 경산 1... 지원정지구역
[2736/3367] 경북 경주 1... 지원정지구역
[2737/3367] 경북 구미 1... 지원정지구역
[2738/3367] 경북 영주 1... 지원정지구역
[2739/3367] 경북 경산 1... 지원정지구역
[2740/3367] 경북 예천 1... 지원정지구역
[2741/3367] 경북 안동 1... 지원정지구역
[2742/3367] 경북 안동 1... 지원정지구역
[2743/3367] 경북 경주 1... 지원정지구역
[2744/3367] 경북 경주 1... 지원정지구역
[2745/3367] 경북 김천 1... 지원정지구역
[2746/3367] 경북 안동 1... 지원정지구역
[2747/3367] 경북 안동 1... 지원정지구역
[2748/3367] 경북 영천 1... 지원정지구역
[2749/3367] 경북 구미 1... 지원정지구역
[2750/3367] 경북 영주 1... 지원정지구역
[2751/3367] 경북 영천 1... 지원정지구역
[2752/3367] 경북 칠곡 1... 지원정지구역
[2753/3367] 경북 안동 1... 지원정지구역
[2754/3367] 경북 경산 1... 지원정지구역
[2755/3367] 경북 영주 1... 지원정지구역
[2756/3367] 경북 영주 1... 지원정지구역
[2757/3367] 경북 영주 1... 지원정지구역
[2758/3367] 경북 경주 1... 지원정지구역
[2759/3367] 경북 안동 1... 지원정지구역
[2760/3367] 경북 김천 1... 지원정지구역
[2761/3367] 경북 구미 1... 지원정지구역
[2762/3367] 경북 경산 1... 지원정지구역
[2763/3367] 경북 문경 1... 지원정지구역
[2764/3367] 경북 포항 1... 지원정지구역
[2765/3367] 경북 경산 1... 지원정지구역
[2766/3367] 경북 칠곡 1... 지원정지구역
[2767/3367] 경북 칠곡 1... 지원정지구역
[2768/3367] 경북 김천 1... 지원정지구역
[2769/3367] 경북 구미 1... 지원정지구역
[2770/3367] 경북 포항 1... 지원정지구역
[2771/3367] 경북 구미 1... 지원정지구역
[2772/3367] 경북 포항 1... 지원정지구역
[2773/3367] 경북 포항 1... 지원정지구역
[2774/3367] 경북 구미 1... 지원정지구역
[2775/3367] 경북 구미 1... 지원정지구역
[2776/3367] 경북 경산 1... 지원정지구역
[2777/3367] 경북 영천 1... 지원정지구역
[2778/3367] 경북 포항 1... 지원정지구역
[2779/3367] 경북 구미 1... 지원정지구역
[2780/3367] 경북 김천 1... 지원정지구역
[2781/3367] 경북 구미 1... 지원정지구역
[2782/3367] 경북 김천 1... 지원정지구역
[2783/3367] 경북 구미 1... 지원정지구역
[2784/3367] 경북 구미 1... 지원정지구역
[2785/3367] 경북 구미 1... 지원정지구역
[2786/3367] 경북 경산 1... 지원정지구역
[2787/3367] 경북 경산 1... 지원정지구역
[2788/3367] 경북 안동 1... 지원정지구역
[2789/3367] 경북 안동 1... 지원정지구역
[2790/3367] 경북 안동 1... 지원정지구역
[2791/3367] 경북 안동 1... 지원정지구역
[2792/3367] 경북 안동 1... 지원정지구역
[2793/3367] 경북 안동 1... 지원정지구역
[2794/3367] 경북 안동 1... 지원정지구역
[2795/3367] 경북 안동 1... 지원정지구역
[2796/3367] 경북 안동 1... 지원정지구역
[2797/3367] 경북 김천 1... 지원정지구역
[2798/3367] 경북 포항 1... 지원정지구역
[2799/3367] 경북 포항 1... 지원정지구역
[2800/3367] 경북 포항 1... 지원정지구역
[2801/3367] 경북 포항 1... 지원정지구역
[2802/3367] 경북 포항 1... 지원정지구역
[2803/3367] 경북 경산 1... 지원정지구역
[2804/3367] 경북 포항 1... 지원정지구역
[2805/3367] 경북 포항 1... 지원정지구역
[2806/3367] 경북 포항 1... 지원정지구역
[2807/3367] 경북 구미 1... 지원정지구역
[2808/3367] 경북 포항 1... 지원정지구역
[2809/3367] 경북 안동 1... 지원정지구역
[2810/3367] 경북 포항 1... 지원정지구역
[2811/3367] 경북 안동 1... 지원정지구역
[2812/3367] 경북 안동 1... 지원정지구역
[2813/3367] 경북 포항 1... 지원정지구역
[2814/3367] 경북 안동 1... 지원정지구역
[2815/3367] 경북 안동 1... 지원정지구역
[2816/3367] 경북 경산 1... 지원정지구역
[2817/3367] 경북 경산 1... 지원정지구역
[2818/3367] 경북 경산 1... 지원정지구역
[2819/3367] 경북 구미 1... 지원정지구역
[2820/3367] 경북 경산 1... 지원정지구역
[2821/3367] 경북 칠곡 1... 지원정지구역
[2822/3367] 경북 경주 1... 지원정지구역
[2823/3367] 경북 포항 1... 지원정지구역
[2824/3367] 경북 포항 1... 지원정지구역
[2825/3367] 부산 동 1... 지원정지구역
[2826/3367] 부산 진 1... 지원정지구역
[2827/3367] 부산 수영 1... 미발견
[2828/3367] 부산 금정 1... 지원정지구역
[2829/3367] 부산 사상 1... 지원정지구역
[2830/3367] 부산 강서 1... 미발견
[2831/3367] 부산 해운대 1... 미발견
[2832/3367] 부산 강서 1... 미발견
[2833/3367] 부산 해운대 1... 미발견
[2834/3367] 부산 해운대 1... 미발견
[2835/3367] 부산 연제 1... 지원정지구역
[2836/3367] 부산 해운대 1... 미발견
[2837/3367] 부산 해운대 1... 미발견
[2838/3367] 부산 강서 1... 미발견
[2839/3367] 부산 해운대 1... 미발견
[2840/3367] 부산 수영 1... 미발견
[2841/3367] 부산 동 1... 지원정지구역
[2842/3367] 부산 진 1... 지원정지구역
[2843/3367] 부산 해운대 1... 미발견
[2844/3367] 부산 진 1... 지원정지구역
[2845/3367] 부산 진 1... 지원정지구역
[2846/3367] 부산 해운대 1... 미발견
[2847/3367] 부산 해운대 1... 미발견
[2848/3367] 부산 남 1... 미발견
[2849/3367] 부산 해운대 1... 미발견
[2850/3367] 부산 진 1... 지원정지구역
[2851/3367] 부산 수영 1... 미발견
[2852/3367] 부산 기장 1... 지원정지구역
[2853/3367] 부산 수영 1... 미발견
[2854/3367] 부산 연제 1... 지원정지구역
[2855/3367] 부산 연제 1... 지원정지구역
[2856/3367] 부산 금정 1... 지원정지구역
[2857/3367] 부산 진 1... 지원정지구역
[2858/3367] 부산 남 1... 미발견
[2859/3367] 부산 진 1... 지원정지구역
[2860/3367] 부산 연제 1... 지원정지구역
[2861/3367] 부산 해운대 1... 미발견
[2862/3367] 부산 진 1... 지원정지구역
[2863/3367] 부산 북 1... 지원정지구역
[2864/3367] 부산 금정 1... 지원정지구역
[2865/3367] 부산 영도 1... 지원정지구역
[2866/3367] 부산 해운대 1... 미발견
[2867/3367] 부산 사하 1... 지원정지구역
[2868/3367] 부산 해운대 1... 미발견
[2869/3367] 부산 수영 1... 미발견
[2870/3367] 부산 금정 1... 지원정지구역
[2871/3367] 부산 해운대 1... 미발견
[2872/3367] 부산 사하 1... 지원정지구역
[2873/3367] 부산 동래 1... 지원정지구역
[2874/3367] 부산 금정 1... 지원정지구역
[2875/3367] 부산 해운대 1... 미발견
[2876/3367] 부산 동래 1... 지원정지구역
[2877/3367] 부산 해운대 1... 미발견
[2878/3367] 부산 기장 1... 지원정지구역
[2879/3367] 부산 중 1... 미발견
[2880/3367] 부산 해운대 1... 미발견
[2881/3367] 부산 진 1... 지원정지구역
[2882/3367] 부산 강서 1... 미발견
[2883/3367] 부산 남 1... 미발견
[2884/3367] 부산 서 1... 미발견
[2885/3367] 부산 남 1... 미발견
[2886/3367] 부산 강서 1... 미발견
[2887/3367] 부산 동래 1... 지원정지구역
[2888/3367] 부산 남 1... 미발견
[2889/3367] 부산 해운대 1... 미발견
[2890/3367] 부산 동래 1... 지원정지구역
[2891/3367] 부산 해운대 1... 미발견
[2892/3367] 부산 사하 1... 지원정지구역
[2893/3367] 부산 강서 1... 미발견
[2894/3367] 부산 진 1... 지원정지구역
[2895/3367] 부산 강서 1... 미발견
[2896/3367] 부산 영도 1... 지원정지구역
[2897/3367] 부산 동래 1... 지원정지구역
[2898/3367] 부산 금정 1... 지원정지구역
[2899/3367] 부산 북 1... 지원정지구역
[2900/3367] 부산 해운대 1... 미발견
[2901/3367] 부산 연제 1... 지원정지구역
[2902/3367] 부산 연제 1... 지원정지구역
[2903/3367] 부산 해운대 1... 미발견
[2904/3367] 부산 해운대 1... 미발견
[2905/3367] 부산 진 1... 지원정지구역
[2906/3367] 부산 북 1... 지원정지구역
[2907/3367] 부산 해운대 1... 미발견
[2908/3367] 부산 금정 1... 지원정지구역
[2909/3367] 부산 진 1... 지원정지구역
[2910/3367] 부산 사하 1... 지원정지구역
[2911/3367] 부산 연제 1... 지원정지구역
[2912/3367] 부산 해운대 1... 미발견
[2913/3367] 부산 남 1... 미발견
[2914/3367] 부산 서 1... 미발견
[2915/3367] 부산 부산진 1... 지원정지구역
[2916/3367] 부산 영도 1... 지원정지구역
[2917/3367] 부산 사상 1... 지원정지구역
[2918/3367] 부산 부산진 1... 지원정지구역
[2919/3367] 부산 사상 1... 지원정지구역
[2920/3367] 부산 금정 1... 지원정지구역
[2921/3367] 부산 수영 1... 미발견
[2922/3367] 부산 금정 1... 지원정지구역
[2923/3367] 부산 금정 1... 지원정지구역
[2924/3367] 부산 서 1... 미발견
[2925/3367] 부산 사하 1... 지원정지구역
[2926/3367] 부산 해운대 1... 미발견
[2927/3367] 부산 사상 1... 지원정지구역
[2928/3367] 부산 사하 1... 지원정지구역
[2929/3367] 부산 강서 1... 미발견
[2930/3367] 부산 금정 1... 지원정지구역
[2931/3367] 부산 수영 1... 미발견
[2932/3367] 부산 북 1... 지원정지구역
[2933/3367] 부산 사상 1... 지원정지구역
[2934/3367] 부산 금정 1... 지원정지구역
[2935/3367] 부산 사하 1... 지원정지구역
[2936/3367] 부산 강서 1... 미발견
[2937/3367] 부산 사하 1... 지원정지구역
[2938/3367] 부산 중 1... 미발견
[2939/3367] 부산 수영 1... 미발견
[2940/3367] 부산 사하 1... 지원정지구역
[2941/3367] 부산 동래 1... 지원정지구역
[2942/3367] 부산 남 1... 미발견
[2943/3367] 부산 북 1... 지원정지구역
[2944/3367] 부산 연제 1... 지원정지구역
[2945/3367] 부산 강서 1... 미발견
[2946/3367] 부산 북 1... 지원정지구역
[2947/3367] 부산 연제 1... 지원정지구역
[2948/3367] 부산 수영 1... 미발견
[2949/3367] 부산 연제 1... 지원정지구역
[2950/3367] 부산 남 1... 미발견
[2951/3367] 부산 금정 1... 지원정지구역
[2952/3367] 부산 금정 1... 지원정지구역
[2953/3367] 부산 수영 1... 미발견
[2954/3367] 부산 부산진 1... 지원정지구역
[2955/3367] 부산 사상 1... 지원정지구역
[2956/3367] 부산 금정 1... 지원정지구역
[2957/3367] 부산 동래 1... 지원정지구역
[2958/3367] 부산 북 1... 지원정지구역
[2959/3367] 부산 남 1... 미발견
[2960/3367] 부산 영도 1... 지원정지구역
[2961/3367] 부산 영도 1... 지원정지구역
[2962/3367] 부산 서 1... 미발견
[2963/3367] 부산 부산진 1... 지원정지구역
[2964/3367] 부산 사상 1... 지원정지구역
[2965/3367] 부산 부산진 1... 지원정지구역
[2966/3367] 부산 북 1... 지원정지구역
[2967/3367] 부산 사하 1... 지원정지구역
[2968/3367] 부산 사하 1... 지원정지구역
[2969/3367] 부산 해운대 1... 미발견
[2970/3367] 부산 기장 1... 지원정지구역
[2971/3367] 부산 기장 1... 지원정지구역
[2972/3367] 부산 연제 1... 지원정지구역
[2973/3367] 부산 부산진 1... 지원정지구역
[2974/3367] 부산 해운대 1... 미발견
[2975/3367] 부산 해운대 1... 미발견
[2976/3367] 부산 해운대 1... 미발견
[2977/3367] 부산 북 1... 지원정지구역
[2978/3367] 부산 부산진 1... 지원정지구역
[2979/3367] 부산 부산진 1... 지원정지구역
[2980/3367] 부산 해운대 1... 미발견
[2981/3367] 부산 사상 1... 지원정지구역
[2982/3367] 부산 수영 1... 미발견
[2983/3367] 부산 해운대 1... 미발견
[2984/3367] 부산 수영 1... 미발견
[2985/3367] 부산 수영 1... 미발견
[2986/3367] 부산 해운대 1... 미발견
[2987/3367] 부산 사상 1... 지원정지구역
[2988/3367] 부산 부산진 1... 지원정지구역
[2989/3367] 부산 사상 1... 지원정지구역
[2990/3367] 부산 북 1... 지원정지구역
[2991/3367] 부산 해운대 1... 미발견
[2992/3367] 부산 동래 1... 지원정지구역
[2993/3367] 부산 남 1... 미발견
[2994/3367] 부산 남 1... 미발견
[2995/3367] 부산 동래 1... 지원정지구역
[2996/3367] 부산 동래 1... 지원정지구역
[2997/3367] 부산 해운대 1... 미발견
[2998/3367] 부산 진 1... 지원정지구역
[2999/3367] 부산 동래 1... 지원정지구역
[3000/3367] 부산 사상 1... 지원정지구역
[3001/3367] 부산 북 1... 지원정지구역
[3002/3367] 부산 해운대 1... 미발견
[3003/3367] 부산 연제 1... 지원정지구역
[3004/3367] 부산 해운대 1... 미발견
[3005/3367] 부산 부산진 1... 지원정지구역
[3006/3367] 부산 해운대 1... 미발견
[3007/3367] 부산 사상 1... 지원정지구역
[3008/3367] 부산 영도 1... 지원정지구역
[3009/3367] 부산 사하 1... 지원정지구역
[3010/3367] 부산 수영 1... 미발견
[3011/3367] 부산 수영 1... 미발견
[3012/3367] 부산 부산진 1... 지원정지구역
[3013/3367] 부산 해운대 1... 미발견
[3014/3367] 부산 동래 1... 지원정지구역
[3015/3367] 부산 동래 1... 지원정지구역
[3016/3367] 부산 동래 1... 지원정지구역
[3017/3367] 부산 기장 1... 지원정지구역
[3018/3367] 부산 연제 1... 지원정지구역
[3019/3367] 부산 수영 1... 미발견
[3020/3367] 부산 수영 1... 미발견
[3021/3367] 부산 수영 1... 미발견
[3022/3367] 부산 수영 1... 미발견
[3023/3367] 부산 수영 1... 미발견
[3024/3367] 부산 해운대 1... 미발견
[3025/3367] 부산 금정 1... 지원정지구역
[3026/3367] 부산 해운대 1... 미발견
[3027/3367] 부산 연제 1... 지원정지구역
[3028/3367] 부산 해운대 1... 미발견
[3029/3367] 부산 연제 1... 지원정지구역
[3030/3367] 부산 동래 1... 지원정지구역
[3031/3367] 부산 수영 1... 미발견
[3032/3367] 부산 강서 1... 미발견
[3033/3367] 부산 수영 1... 미발견
[3034/3367] 부산 해운대 1... 미발견
[3035/3367] 부산 강서 1... 미발견
[3036/3367] 부산 수영 1... 미발견
[3037/3367] 부산 해운대 1... 미발견
[3038/3367] 부산 부산진 1... 지원정지구역
[3039/3367] 부산 강서 1... 미발견
[3040/3367] 부산 동래 1... 지원정지구역
[3041/3367] 부산 북 1... 지원정지구역
[3042/3367] 부산 부산진 1... 지원정지구역
[3043/3367] 부산 강서 1... 미발견
[3044/3367] 부산 수영 1... 미발견
[3045/3367] 부산 남 1... 미발견
[3046/3367] 부산 북 1... 지원정지구역
[3047/3367] 부산 연제 1... 지원정지구역
[3048/3367] 경남 김해 1... 지원정지구역
[3049/3367] 경남 창원 1... 지원정지구역
[3050/3367] 경남 창원 1... 지원정지구역
[3051/3367] 경남 김해 1... 지원정지구역
[3052/3367] 경남 밀양 1... 지원정지구역
[3053/3367] 경남 양산 1... 지원정지구역
[3054/3367] 경남 창원 1... 지원정지구역
[3055/3367] 경남 창원 1... 지원정지구역
[3056/3367] 경남 창원 1... 지원정지구역
[3057/3367] 경남 양산 1... 지원정지구역
[3058/3367] 경남 창원 1... 지원정지구역
[3059/3367] 경남 창원 1... 지원정지구역
[3060/3367] 경남 창원 1... 지원정지구역
[3061/3367] 경남 거제 1... 지원정지구역
[3062/3367] 경남 양산 1... 지원정지구역
[3063/3367] 경남 창원 1... 지원정지구역
[3064/3367] 경남 창원 1... 지원정지구역
[3065/3367] 경남 창원 1... 지원정지구역
[3066/3367] 경남 창원 1... 지원정지구역
[3067/3367] 경남 거제 1... 지원정지구역
[3068/3367] 경남 거제 1... 지원정지구역
[3069/3367] 경남 창원 1... 지원정지구역
[3070/3367] 경남 거제 1... 지원정지구역
[3071/3367] 경남 창녕 1... 지원정지구역
[3072/3367] 경남 사천 1... 지원정지구역
[3073/3367] 경남 김해 1... 지원정지구역
[3074/3367] 경남 양산 1... 지원정지구역
[3075/3367] 경남 창원 1... 지원정지구역
[3076/3367] 경남 창원 1... 지원정지구역
[3077/3367] 경남 김해 1... 지원정지구역
[3078/3367] 경남 사천 1... 지원정지구역
[3079/3367] 경남 창원 1... 지원정지구역
[3080/3367] 경남 양산 1... 지원정지구역
[3081/3367] 경남 창원 1... 지원정지구역
[3082/3367] 경남 창원 1... 지원정지구역
[3083/3367] 경남 창원 1... 지원정지구역
[3084/3367] 경남 양산 1... 지원정지구역
[3085/3367] 경남 김해 1... 지원정지구역
[3086/3367] 경남 창원 1... 지원정지구역
[3087/3367] 경남 진주 1... 지원정지구역
[3088/3367] 경남 창원 1... 지원정지구역
[3089/3367] 경남 양산 1... 지원정지구역
[3090/3367] 경남 창원 1... 지원정지구역
[3091/3367] 경남 창원 1... 지원정지구역
[3092/3367] 경남 창원 1... 지원정지구역
[3093/3367] 경남 창원 1... 지원정지구역
[3094/3367] 경남 창원 1... 지원정지구역
[3095/3367] 경남 양산 1... 지원정지구역
[3096/3367] 경남 창원 1... 지원정지구역
[3097/3367] 경남 창원 1... 지원정지구역
[3098/3367] 경남 밀양 1... 지원정지구역
[3099/3367] 경남 창원 1... 지원정지구역
[3100/3367] 경남 창원 1... 지원정지구역
[3101/3367] 경남 창원 1... 지원정지구역
[3102/3367] 경남 창원 1... 지원정지구역
[3103/3367] 경남 창원 1... 지원정지구역
[3104/3367] 경남 김해 1... 지원정지구역
[3105/3367] 경남 창원 1... 지원정지구역
[3106/3367] 경남 창원 1... 지원정지구역
[3107/3367] 경남 거제 1... 지원정지구역
[3108/3367] 경남 거제 1... 지원정지구역
[3109/3367] 경남 거제 1... 지원정지구역
[3110/3367] 경남 거제 1... 지원정지구역
[3111/3367] 경남 창원 1... 지원정지구역
[3112/3367] 경남 밀양 1... 지원정지구역
[3113/3367] 경남 김해 1... 지원정지구역
[3114/3367] 경남 거제 1... 지원정지구역
[3115/3367] 경남 김해 1... 지원정지구역
[3116/3367] 경남 거제 1... 지원정지구역
[3117/3367] 경남 거제 1... 지원정지구역
[3118/3367] 경남 김해 1... 지원정지구역
[3119/3367] 경남 진주 1... 지원정지구역
[3120/3367] 경남 거제 1... 지원정지구역
[3121/3367] 경남 거제 1... 지원정지구역
[3122/3367] 경남 사천 1... 지원정지구역
[3123/3367] 경남 거제 1... 지원정지구역
[3124/3367] 경남 진주 1... 지원정지구역
[3125/3367] 경남 거제 1... 지원정지구역
[3126/3367] 경남 거제 1... 지원정지구역
[3127/3367] 경남 진주 1... 지원정지구역
[3128/3367] 경남 거제 1... 지원정지구역
[3129/3367] 경남 창원 1... 지원정지구역
[3130/3367] 경남 창원 1... 지원정지구역
[3131/3367] 경남 창원 1... 지원정지구역
[3132/3367] 경남 거제 1... 지원정지구역
[3133/3367] 경남 거제 1... 지원정지구역
[3134/3367] 경남 양산 1... 지원정지구역
[3135/3367] 경남 거제 1... 지원정지구역
[3136/3367] 경남 창원 1... 지원정지구역
[3137/3367] 경남 거제 1... 지원정지구역
[3138/3367] 경남 거제 1... 지원정지구역
[3139/3367] 경남 창원 1... 지원정지구역
[3140/3367] 경남 거제 1... 지원정지구역
[3141/3367] 경남 거제 1... 지원정지구역
[3142/3367] 경남 거제 1... 지원정지구역
[3143/3367] 경남 거제 1... 지원정지구역
[3144/3367] 경남 진주 1... 지원정지구역
[3145/3367] 경남 거제 1... 지원정지구역
[3146/3367] 경남 거제 1... 지원정지구역
[3147/3367] 경남 거제 1... 지원정지구역
[3148/3367] 경남 양산 1... 지원정지구역
[3149/3367] 경남 진주 1... 지원정지구역
[3150/3367] 경남 거제 1... 지원정지구역
[3151/3367] 경남 진주 1... 지원정지구역
[3152/3367] 경남 거제 1... 지원정지구역
[3153/3367] 경남 거제 1... 지원정지구역
[3154/3367] 경남 창원 1... 지원정지구역
[3155/3367] 경남 밀양 1... 지원정지구역
[3156/3367] 경남 김해 1... 지원정지구역
[3157/3367] 경남 김해 1... 지원정지구역
[3158/3367] 경남 창원 1... 지원정지구역
[3159/3367] 경남 창원 1... 지원정지구역
[3160/3367] 경남 사천 1... 지원정지구역
[3161/3367] 경남 창원 1... 지원정지구역
[3162/3367] 경남 양산 1... 지원정지구역
[3163/3367] 경남 창원 1... 지원정지구역
[3164/3367] 경남 거제 1... 지원정지구역
[3165/3367] 경남 창녕 1... 지원정지구역
[3166/3367] 경남 창원 1... 지원정지구역
[3167/3367] 경남 창원 1... 지원정지구역
[3168/3367] 경남 창원 1... 지원정지구역
[3169/3367] 경남 김해 1... 지원정지구역
[3170/3367] 경남 김해 1... 지원정지구역
[3171/3367] 경남 김해 1... 지원정지구역
[3172/3367] 경남 창원 1... 지원정지구역
[3173/3367] 경남 창원 1... 지원정지구역
[3174/3367] 경남 김해 1... 지원정지구역
[3175/3367] 경남 양산 1... 지원정지구역
[3176/3367] 경남 김해 1... 지원정지구역
[3177/3367] 경남 창원 1... 지원정지구역
[3178/3367] 경남 진주 1... 지원정지구역
[3179/3367] 경남 창원 1... 지원정지구역
[3180/3367] 경남 창원 1... 지원정지구역
[3181/3367] 경남 창원 1... 지원정지구역
[3182/3367] 경남 창원 1... 지원정지구역
[3183/3367] 경남 창원 1... 지원정지구역
[3184/3367] 경남 창원 1... 지원정지구역
[3185/3367] 경남 창원 1... 지원정지구역
[3186/3367] 경남 통영 1... 지원정지구역
[3187/3367] 경남 창원 1... 지원정지구역
[3188/3367] 경남 양산 1... 지원정지구역
[3189/3367] 경남 김해 1... 지원정지구역
[3190/3367] 경남 김해 1... 지원정지구역
[3191/3367] 경남 김해 1... 지원정지구역
[3192/3367] 경남 김해 1... 지원정지구역
[3193/3367] 경남 김해 1... 지원정지구역
[3194/3367] 경남 김해 1... 지원정지구역
[3195/3367] 경남 김해 1... 지원정지구역
[3196/3367] 경남 김해 1... 지원정지구역
[3197/3367] 경남 김해 1... 지원정지구역
[3198/3367] 경남 김해 1... 지원정지구역
[3199/3367] 경남 김해 1... 지원정지구역
[3200/3367] 경남 진주 1... 지원정지구역
[3201/3367] 경남 김해 1... 지원정지구역
[3202/3367] 경남 통영 1... 지원정지구역
[3203/3367] 경남 창원 1... 지원정지구역
[3204/3367] 경기 부천 1... 미발견
[3205/3367] 경남 양산 1... 지원정지구역
[3206/3367] 경남 진주 1... 지원정지구역
[3207/3367] 경남 김해 1... 지원정지구역
[3208/3367] 경남 김해 1... 지원정지구역
[3209/3367] 경남 김해 1... 지원정지구역
[3210/3367] 경남 김해 1... 지원정지구역
[3211/3367] 경남 진주 1... 지원정지구역
[3212/3367] 경남 창원 1... 지원정지구역
[3213/3367] 경남 양산 1... 지원정지구역
[3214/3367] 경남 창원 1... 지원정지구역
[3215/3367] 경남 진주 1... 지원정지구역
[3216/3367] 경남 양산 1... 지원정지구역
[3217/3367] 경남 양산 1... 지원정지구역
[3218/3367] 경남 양산 1... 지원정지구역
[3219/3367] 경남 양산 1... 지원정지구역
[3220/3367] 경남 양산 1... 지원정지구역
[3221/3367] 경남 창원 1... 지원정지구역
[3222/3367] 경남 창원 1... 지원정지구역
[3223/3367] 경남 김해 1... 지원정지구역
[3224/3367] 경남 창원 1... 지원정지구역
[3225/3367] 경남 통영 1... 지원정지구역
[3226/3367] 경남 양산 1... 지원정지구역
[3227/3367] 경남 김해 1... 지원정지구역
[3228/3367] 경남 김해 1... 지원정지구역
[3229/3367] 경남 김해 1... 지원정지구역
[3230/3367] 경남 김해 1... 지원정지구역
[3231/3367] 경남 김해 1... 지원정지구역
[3232/3367] 경남 김해 1... 지원정지구역
[3233/3367] 경남 진주 1... 지원정지구역
[3234/3367] 경남 진주 1... 지원정지구역
[3235/3367] 경남 김해 1... 지원정지구역
[3236/3367] 경남 창원 1... 지원정지구역
[3237/3367] 경남 진주 1... 지원정지구역
[3238/3367] 경남 양산 1... 지원정지구역
[3239/3367] 경남 창원 1... 지원정지구역
[3240/3367] 경남 김해 1... 지원정지구역
[3241/3367] 경남 사천 1... 지원정지구역
[3242/3367] 경남 양산 1... 지원정지구역
[3243/3367] 경남 김해 1... 지원정지구역
[3244/3367] 경남 창원 1... 지원정지구역
[3245/3367] 경남 김해 1... 지원정지구역
[3246/3367] 경남 김해 1... 지원정지구역
[3247/3367] 경남 양산 1... 지원정지구역
[3248/3367] 경남 김해 1... 지원정지구역
[3249/3367] 경남 양산 1... 지원정지구역
[3250/3367] 경남 사천 1... 지원정지구역
[3251/3367] 경남 사천 1... 지원정지구역
[3252/3367] 울산 동 1... 지원정지구역
[3253/3367] 울산 울주 1... 지원정지구역
[3254/3367] 울산 북 1... 지원정지구역
[3255/3367] 울산 울주 1... 지원정지구역
[3256/3367] 울산 북 1... 지원정지구역
[3257/3367] 울산 중 1... 미발견
[3258/3367] 울산 북 1... 지원정지구역
[3259/3367] 울산 울주 1... 지원정지구역
[3260/3367] 울산 북 1... 지원정지구역
[3261/3367] 울산 중 1... 미발견
[3262/3367] 울산 북 1... 지원정지구역
[3263/3367] 울산 남 1... 미발견
[3264/3367] 울산 북 1... 지원정지구역
[3265/3367] 울산 울주 1... 지원정지구역
[3266/3367] 울산 북 1... 지원정지구역
[3267/3367] 울산 북 1... 지원정지구역
[3268/3367] 울산 중 1... 미발견
[3269/3367] 울산 남 1... 미발견
[3270/3367] 울산 북 1... 지원정지구역
[3271/3367] 울산 남 1... 미발견
[3272/3367] 울산 동 1... 지원정지구역
[3273/3367] 울산 중 1... 미발견
[3274/3367] 울산 중 1... 미발견
[3275/3367] 울산 북 1... 지원정지구역
[3276/3367] 울산 남 1... 미발견
[3277/3367] 울산 북 1... 지원정지구역
[3278/3367] 울산 북 1... 지원정지구역
[3279/3367] 울산 울주 1... 지원정지구역
[3280/3367] 울산 북 1... 지원정지구역
[3281/3367] 울산 울주 1... 지원정지구역
[3282/3367] 울산 북 1... 지원정지구역
[3283/3367] 울산 북 1... 지원정지구역
[3284/3367] 울산 북 1... 지원정지구역
[3285/3367] 울산 북 1... 지원정지구역
[3286/3367] 울산 울주 1... 지원정지구역
[3287/3367] 울산 울주 1... 지원정지구역
[3288/3367] 울산 울주 1... 지원정지구역
[3289/3367] 울산 중 1... 미발견
[3290/3367] 울산 남 1... 미발견
[3291/3367] 울산 중 1... 미발견
[3292/3367] 울산 울주 1... 지원정지구역
[3293/3367] 울산 중 1... 미발견
[3294/3367] 울산 남 1... 미발견
[3295/3367] 울산 중 1... 미발견
[3296/3367] 울산 울주 1... 지원정지구역
[3297/3367] 울산 동 1... 지원정지구역
[3298/3367] 울산 북 1... 지원정지구역
[3299/3367] 울산 울주 1... 지원정지구역
[3300/3367] 울산 울주 1... 지원정지구역
[3301/3367] 울산 북 1... 지원정지구역
[3302/3367] 울산 중 1... 미발견
[3303/3367] 울산 동 1... 지원정지구역
[3304/3367] 울산 중 1... 미발견
[3305/3367] 울산 남 1... 미발견
[3306/3367] 울산 남 1... 미발견
[3307/3367] 울산 동 1... 지원정지구역
[3308/3367] 울산 동 1... 지원정지구역
[3309/3367] 울산 동 1... 지원정지구역
[3310/3367] 울산 동 1... 지원정지구역
[3311/3367] 울산 중 1... 미발견
[3312/3367] 울산 북 1... 지원정지구역
[3313/3367] 울산 남 1... 미발견
[3314/3367] 울산 중 1... 미발견
[3315/3367] 울산 남 1... 미발견
[3316/3367] 울산 남 1... 미발견
[3317/3367] 울산 남 1... 미발견
[3318/3367] 울산 중 1... 미발견
[3319/3367] 울산 남 1... 미발견
[3320/3367] 울산 중 1... 미발견
[3321/3367] 울산 남 1... 미발견
[3322/3367] 울산 남 1... 미발견
[3323/3367] 울산 중 1... 미발견
[3324/3367] 울산 남 1... 미발견
[3325/3367] 울산 중 1... 미발견
[3326/3367] 울산 동 1... 지원정지구역
[3327/3367] 울산 동 1... 지원정지구역
[3328/3367] 울산 중 1... 미발견
[3329/3367] 울산 중 1... 미발견
[3330/3367] 울산 남 1... 미발견
[3331/3367] 울산 중 1... 미발견
[3332/3367] 울산 울주 1... 지원정지구역
[3333/3367] 울산 울주 1... 지원정지구역
[3334/3367] 울산 중 1... 미발견
[3335/3367] 울산 북 1... 지원정지구역
[3336/3367] 울산 동 1... 지원정지구역
[3337/3367] 울산 남 1... 미발견
[3338/3367] 울산 북 1... 지원정지구역
[3339/3367] 제주 제주 1... 지원정지구역
[3340/3367] 제주 제주 1... 지원정지구역
[3342/3367]   =SUBTOTAL(9,C7:C3346)... 지원정지구역
[3345/3367]   지난가동수량... 지원정지구역
[3346/3367]   6199... 지원정지구역
[3347/3367]   17193... 지원정지구역
[3348/3367]   3866... 지원정지구역
[3349/3367]   27258... 지원정지구역
[3350/3367]   2413... 지원정지구역
[3351/3367]   3972... 지원정지구역
[3352/3367]   301... 지원정지구역
[3353/3367]   1306... 지원정지구역
[3354/3367]   3902... 지원정지구역
[3355/3367]   1888... 지원정지구역
[3356/3367]   13782... 지원정지구역
[3357/3367]   1524... 지원정지구역
[3358/3367]   2255... 지원정지구역
[3359/3367]   3696... 지원정지구역
[3360/3367]   2262... 지원정지구역
[3361/3367]   97... 지원정지구역
[3362/3367]   1651... 지원정지구역
[3363/3367]   2688... 지원정지구역
[3364/3367]   14... 지원정지구역
[3365/3367]   14187... 지원정지구역
[3366/3367]   55227... 지원정지구역

✨ 모든 분석 완료! 완성된 파일을 확인해 주세요: ᄐ아운보드_가동리스트_복도유형_완성본.xlsx
